2023-09-03 07:15:17,443 [INFO] Activator:176 - 


2023-09-03 07:15:17,448 [INFO] Activator:177 - !SESSION log4j initialized
2023-09-03 07:15:23,534 [INFO] LogOutputStream:77 - [STDOUT_REDIRECT] 
2023-09-03 07:15:25,577 [INFO] ApplicationProperties:184 - Using Application install path: /opt/st/stm32cubeide_1.13.1/plugins/com.st.stm32cube.common.mx_6.9.1.202307191849
2023-09-03 07:15:25,670 [INFO] DbMcusXml:78 - Set database path to: /opt/st/stm32cubeide_1.13.1/plugins/com.st.stm32cube.common.mx_6.9.1.202307191849//db//mcu/
2023-09-03 07:15:25,670 [INFO] ApiDb:274 - Set plugin database path to: /opt/st/stm32cubeide_1.13.1/plugins/com.st.stm32cube.common.mx_6.9.1.202307191849//db//plugins/boardmanager/
2023-09-03 07:15:25,670 [WARN] ApiDb:259 - Overriding images path with different value:  => /opt/st/stm32cubeide_1.13.1/plugins/com.st.stm32cube.common.mx_6.9.1.202307191849//db//plugins/mcufinder/images/
2023-09-03 07:15:25,707 [INFO] ApiDb:250 - Set database path to: /home/tjp/.stmcufinder/plugins/mcufinder//mcu/
2023-09-03 07:15:25,708 [INFO] DbMcusAds:125 - Set database path to: /home/tjp/.stmcufinder/plugins/mcufinder//mcu/
2023-09-03 07:15:25,713 [INFO] CrossReferenceDbSqlite:203 - Set database path to: /home/tjp/.stmcufinder/plugins/mcufinder//mcu/cs/
2023-09-03 07:15:26,210 [INFO] RulesReader:64 - Compatibility file has been processed (293 Rules)
2023-09-03 07:15:26,477 [INFO] DbMcusXml:78 - Set database path to: /opt/st/stm32cubeide_1.13.1/plugins/com.st.stm32cube.common.mx_6.9.1.202307191849//db//mcu/
2023-09-03 07:15:26,477 [INFO] ApiDb:274 - Set plugin database path to: /opt/st/stm32cubeide_1.13.1/plugins/com.st.stm32cube.common.mx_6.9.1.202307191849//db//plugins/boardmanager/
2023-09-03 07:15:26,478 [INFO] ApiDb:261 - Set plugin images path to: /opt/st/stm32cubeide_1.13.1/plugins/com.st.stm32cube.common.mx_6.9.1.202307191849//db//plugins/mcufinder/images/
2023-09-03 07:15:26,478 [WARN] DbFile:41 - Overriding database path with different value: /home/tjp/.stmcufinder/plugins/mcufinder/ => /home/tjp/.stmcufinder/plugins/mcufinder
2023-09-03 07:15:26,478 [INFO] ApiDb:250 - Set database path to: /home/tjp/.stmcufinder/plugins/mcufinder//mcu/
2023-09-03 07:15:26,479 [WARN] DbFile:41 - Overriding database path with different value: /home/tjp/.stmcufinder/plugins/mcufinder/ => /home/tjp/.stmcufinder/plugins/mcufinder
2023-09-03 07:15:26,479 [INFO] DbMcusAds:125 - Set database path to: /home/tjp/.stmcufinder/plugins/mcufinder//mcu/
2023-09-03 07:15:26,479 [WARN] DbFile:41 - Overriding database path with different value: /home/tjp/.stmcufinder/plugins/mcufinder/ => /home/tjp/.stmcufinder/plugins/mcufinder
2023-09-03 07:15:26,479 [WARN] DbFile:41 - Overriding database path with different value: /home/tjp/.stmcufinder/plugins/mcufinder/ => /home/tjp/.stmcufinder/plugins/mcufinder
2023-09-03 07:15:26,479 [INFO] CrossReferenceDbSqlite:203 - Set database path to: /home/tjp/.stmcufinder/plugins/mcufinder//mcu/cs/
2023-09-03 07:15:26,702 [INFO] MainPanel:262 - HeapMemory: 268435456
2023-09-03 07:15:26,884 [INFO] DbMcusXml:78 - Set database path to: /opt/st/stm32cubeide_1.13.1/plugins/com.st.stm32cube.common.mx_6.9.1.202307191849//db//mcu/
2023-09-03 07:15:26,885 [INFO] ApiDb:274 - Set plugin database path to: /opt/st/stm32cubeide_1.13.1/plugins/com.st.stm32cube.common.mx_6.9.1.202307191849//db//plugins/boardmanager/
2023-09-03 07:15:26,885 [INFO] ApiDb:261 - Set plugin images path to: /opt/st/stm32cubeide_1.13.1/plugins/com.st.stm32cube.common.mx_6.9.1.202307191849//db//plugins/mcufinder/images/
2023-09-03 07:15:26,887 [WARN] DbFile:41 - Overriding database path with different value: /home/tjp/.stmcufinder/plugins/mcufinder/ => /home/tjp/.stmcufinder/plugins/mcufinder
2023-09-03 07:15:26,887 [INFO] ApiDb:250 - Set database path to: /home/tjp/.stmcufinder/plugins/mcufinder//mcu/
2023-09-03 07:15:26,887 [WARN] DbFile:41 - Overriding database path with different value: /home/tjp/.stmcufinder/plugins/mcufinder/ => /home/tjp/.stmcufinder/plugins/mcufinder
2023-09-03 07:15:26,888 [INFO] DbMcusAds:125 - Set database path to: /home/tjp/.stmcufinder/plugins/mcufinder//mcu/
2023-09-03 07:15:26,888 [WARN] DbFile:41 - Overriding database path with different value: /home/tjp/.stmcufinder/plugins/mcufinder/ => /home/tjp/.stmcufinder/plugins/mcufinder
2023-09-03 07:15:26,888 [WARN] DbFile:41 - Overriding database path with different value: /home/tjp/.stmcufinder/plugins/mcufinder/ => /home/tjp/.stmcufinder/plugins/mcufinder
2023-09-03 07:15:26,888 [INFO] CrossReferenceDbSqlite:203 - Set database path to: /home/tjp/.stmcufinder/plugins/mcufinder//mcu/cs/
2023-09-03 07:15:26,919 [INFO] ApplicationProperties:184 - Using Application install path: /opt/st/stm32cubeide_1.13.1/plugins/com.st.stm32cube.common.mx_6.9.1.202307191849
2023-09-03 07:15:26,922 [INFO] PluginManage:196 - Search for loadable plugins [exclusion list=, ]
2023-09-03 07:15:26,924 [INFO] PluginManage:310 - Check plugin analytics
2023-09-03 07:15:27,211 [INFO] AnalyticsPlugin:253 - Accepted Software Licenses: 
2023-09-03 07:15:27,212 [INFO] AnalyticsPlugin:255 - Accepted CMSIS Pack Licenses: 
2023-09-03 07:15:27,212 [INFO] AnalyticsPlugin:257 - Accepted Firmware Licenses: FW.F7.1.17.0,FW.G0.1.6.0
2023-09-03 07:15:27,217 [INFO] PluginManage:359 - Loaded plugin analytics (category:tool,tabindex:-1)
2023-09-03 07:15:27,218 [INFO] PluginManage:310 - Check plugin cadmodel
2023-09-03 07:15:27,327 [INFO] CADModel:105 - Init CAD model plugin
2023-09-03 07:15:27,328 [INFO] PluginManage:359 - Loaded plugin cadmodel (category:power,tabindex:5)
2023-09-03 07:15:27,328 [INFO] PluginManage:310 - Check plugin clock
2023-09-03 07:15:27,351 [INFO] PluginManage:359 - Loaded plugin clock (category:base,tabindex:2)
2023-09-03 07:15:27,352 [INFO] PluginManage:310 - Check plugin ddr
2023-09-03 07:15:27,354 [INFO] PluginManage:359 - Loaded plugin ddr (category:tool,tabindex:6)
2023-09-03 07:15:27,355 [INFO] PluginManage:310 - Check plugin filemanager
2023-09-03 07:15:27,586 [INFO] PluginManage:359 - Loaded plugin filemanager (category:base,tabindex:10)
2023-09-03 07:15:27,586 [INFO] PluginManage:310 - Check plugin ipmanager
2023-09-03 07:15:27,601 [INFO] PluginManage:359 - Loaded plugin ipmanager (category:base,tabindex:5)
2023-09-03 07:15:27,602 [INFO] PluginManage:310 - Check plugin lpbam
2023-09-03 07:15:27,619 [INFO] PluginManage:359 - Loaded plugin lpbam (category:base,tabindex:0)
2023-09-03 07:15:27,620 [INFO] PluginManage:310 - Check plugin memorymap
2023-09-03 07:15:27,638 [INFO] PluginManage:359 - Loaded plugin memorymap (category:base,tabindex:4)
2023-09-03 07:15:27,638 [INFO] PluginManage:310 - Check plugin pinoutandconfiguration
2023-09-03 07:15:27,648 [INFO] PluginManage:359 - Loaded plugin pinoutandconfiguration (category:base,tabindex:1)
2023-09-03 07:15:27,648 [INFO] PluginManage:310 - Check plugin pinoutconfig
2023-09-03 07:15:27,850 [WARN] SupportedApi:132 - Cannot load RTOS API schema: s4s-elt-must-match.1: The content of 'definitions' must match (annotation?, (simpleType | complexType)?, (unique | key | keyref)*)). A problem was found starting at: attribute.
2023-09-03 07:15:28,110 [INFO] PluginManage:359 - Loaded plugin pinoutconfig (category:base,tabindex:0)
2023-09-03 07:15:28,110 [INFO] PluginManage:310 - Check plugin power
2023-09-03 07:15:28,120 [INFO] PluginManage:359 - Loaded plugin power (category:power,tabindex:4)
2023-09-03 07:15:28,120 [INFO] PluginManage:310 - Check plugin projectmanager
2023-09-03 07:15:28,156 [INFO] PluginManage:359 - Loaded plugin projectmanager (category:projectmanager,tabindex:3)
2023-09-03 07:15:28,156 [INFO] PluginManage:310 - Check plugin thirdparty
2023-09-03 07:15:28,412 [INFO] PluginManage:359 - Loaded plugin thirdparty (category:base,tabindex:-1)
2023-09-03 07:15:28,412 [WARN] IntegrityCheckThread:84 - waiting for thirdparty lock release [integrity check]
2023-09-03 07:15:28,412 [INFO] PluginManage:310 - Check plugin tools
2023-09-03 07:15:28,412 [INFO] IntegrityCheckThread:86 - entering critical section [integrity check]
2023-09-03 07:15:28,412 [INFO] ThirdPartyUpdaterWithRetryManager:70 - Updater plugin not ready yet. [1/15]
2023-09-03 07:15:28,415 [INFO] PluginManage:359 - Loaded plugin tools (category:base,tabindex:7)
2023-09-03 07:15:28,415 [INFO] PluginManage:310 - Check plugin tutovideos
2023-09-03 07:15:28,744 [INFO] PluginManage:359 - Loaded plugin tutovideos (category:base,tabindex:-1)
2023-09-03 07:15:28,744 [INFO] PluginManage:310 - Check plugin updater
2023-09-03 07:15:28,758 [INFO] PluginManage:359 - Loaded plugin updater (category:base,tabindex:12)
2023-09-03 07:15:28,758 [INFO] PluginManage:310 - Check plugin userauth
2023-09-03 07:15:28,764 [INFO] UserAuth:113 - Init User Auth plugin
2023-09-03 07:15:28,765 [INFO] PluginManage:359 - Loaded plugin userauth (category:base,tabindex:14)
2023-09-03 07:15:28,766 [INFO] PluginManage:283 - PluginManage : Loaded plugins [17]
2023-09-03 07:15:29,155 [INFO] PinOutPanel:1499 - setPackage(No Configuration,No Configuration)
2023-09-03 07:15:29,376 [INFO] CADModel:165 - CPN selected for project level
2023-09-03 07:15:29,376 [INFO] CADModel:114 - Register for checkConnection events
2023-09-03 07:15:29,392 [INFO] IPUIPlugin:80 - create IPUIPlugin
2023-09-03 07:15:29,393 [INFO] PluginManager:220 - loadIPPluginJar : add freertos
2023-09-03 07:15:29,395 [INFO] IPUIPlugin:80 - create IPUIPlugin
2023-09-03 07:15:29,396 [INFO] PluginManager:220 - loadIPPluginJar : add tracer_emb
2023-09-03 07:15:29,398 [INFO] IPUIPlugin:80 - create IPUIPlugin
2023-09-03 07:15:29,398 [INFO] PluginManager:220 - loadIPPluginJar : add quadspi
2023-09-03 07:15:29,401 [INFO] IPUIPlugin:80 - create IPUIPlugin
2023-09-03 07:15:29,401 [INFO] PluginManager:220 - loadIPPluginJar : add dma3
2023-09-03 07:15:29,407 [INFO] IPUIPlugin:80 - create IPUIPlugin
2023-09-03 07:15:29,408 [INFO] PluginManager:220 - loadIPPluginJar : add i3c
2023-09-03 07:15:29,410 [INFO] IPUIPlugin:80 - create IPUIPlugin
2023-09-03 07:15:29,410 [INFO] PluginManager:220 - loadIPPluginJar : add ts
2023-09-03 07:15:29,413 [INFO] IPUIPlugin:80 - create IPUIPlugin
2023-09-03 07:15:29,413 [INFO] PluginManager:220 - loadIPPluginJar : add hash
2023-09-03 07:15:29,415 [INFO] IPUIPlugin:80 - create IPUIPlugin
2023-09-03 07:15:29,416 [INFO] PluginManager:220 - loadIPPluginJar : add tim
2023-09-03 07:15:29,424 [INFO] IPUIPlugin:80 - create IPUIPlugin
2023-09-03 07:15:29,424 [INFO] PluginManager:220 - loadIPPluginJar : add stm32_wpan
2023-09-03 07:15:29,431 [INFO] IPUIPlugin:80 - create IPUIPlugin
2023-09-03 07:15:29,431 [INFO] PluginManager:220 - loadIPPluginJar : add gic
2023-09-03 07:15:29,436 [INFO] IPUIPlugin:80 - create IPUIPlugin
2023-09-03 07:15:29,436 [INFO] PluginManager:220 - loadIPPluginJar : add comp
2023-09-03 07:15:29,439 [INFO] IPUIPlugin:80 - create IPUIPlugin
2023-09-03 07:15:29,440 [INFO] PluginManager:220 - loadIPPluginJar : add usart
2023-09-03 07:15:29,446 [INFO] IPUIPlugin:80 - create IPUIPlugin
2023-09-03 07:15:29,447 [INFO] PluginManager:220 - loadIPPluginJar : add dma
2023-09-03 07:15:29,458 [INFO] IPUIPlugin:80 - create IPUIPlugin
2023-09-03 07:15:29,458 [INFO] PluginManager:220 - loadIPPluginJar : add mdma
2023-09-03 07:15:29,464 [INFO] IPUIPlugin:80 - create IPUIPlugin
2023-09-03 07:15:29,465 [INFO] PluginManager:220 - loadIPPluginJar : add fmc
2023-09-03 07:15:29,469 [INFO] IPUIPlugin:80 - create IPUIPlugin
2023-09-03 07:15:29,469 [INFO] PluginManager:220 - loadIPPluginJar : add ipddr
2023-09-03 07:15:29,472 [INFO] IPUIPlugin:80 - create IPUIPlugin
2023-09-03 07:15:29,472 [INFO] PluginManager:220 - loadIPPluginJar : add spi
2023-09-03 07:15:29,476 [INFO] IPUIPlugin:80 - create IPUIPlugin
2023-09-03 07:15:29,476 [INFO] PluginManager:220 - loadIPPluginJar : add i2s
2023-09-03 07:15:29,480 [INFO] IPUIPlugin:80 - create IPUIPlugin
2023-09-03 07:15:29,480 [INFO] PluginManager:220 - loadIPPluginJar : add aes
2023-09-03 07:15:29,483 [INFO] IPUIPlugin:80 - create IPUIPlugin
2023-09-03 07:15:29,483 [INFO] PluginManager:220 - loadIPPluginJar : add cryp
2023-09-03 07:15:29,488 [INFO] IPUIPlugin:80 - create IPUIPlugin
2023-09-03 07:15:29,489 [INFO] PluginManager:220 - loadIPPluginJar : add gpio
2023-09-03 07:15:29,493 [INFO] IPUIPlugin:80 - create IPUIPlugin
2023-09-03 07:15:29,494 [INFO] PluginManager:220 - loadIPPluginJar : add resmgrutility
2023-09-03 07:15:29,496 [INFO] IPUIPlugin:80 - create IPUIPlugin
2023-09-03 07:15:29,497 [INFO] PluginManager:220 - loadIPPluginJar : add fatfs
2023-09-03 07:15:29,498 [INFO] IPUIPlugin:80 - create IPUIPlugin
2023-09-03 07:15:29,499 [INFO] PluginManager:220 - loadIPPluginJar : add ltdc
2023-09-03 07:15:29,502 [INFO] IPUIPlugin:80 - create IPUIPlugin
2023-09-03 07:15:29,504 [INFO] PluginManager:220 - loadIPPluginJar : add tsc
2023-09-03 07:15:29,515 [INFO] IPUIPlugin:80 - create IPUIPlugin
2023-09-03 07:15:29,515 [INFO] PluginManager:220 - loadIPPluginJar : add lorawan
2023-09-03 07:15:29,520 [INFO] IPUIPlugin:80 - create IPUIPlugin
2023-09-03 07:15:29,520 [INFO] PluginManager:220 - loadIPPluginJar : add nvic
2023-09-03 07:15:29,523 [INFO] IPUIPlugin:80 - create IPUIPlugin
2023-09-03 07:15:29,524 [INFO] PluginManager:220 - loadIPPluginJar : add opamp
2023-09-03 07:15:29,527 [INFO] IPUIPlugin:80 - create IPUIPlugin
2023-09-03 07:15:29,527 [INFO] PluginManager:220 - loadIPPluginJar : add gtzc
2023-09-03 07:15:29,530 [INFO] IPUIPlugin:80 - create IPUIPlugin
2023-09-03 07:15:29,530 [INFO] PluginManager:220 - loadIPPluginJar : add touchsensing
2023-09-03 07:15:29,533 [INFO] IPUIPlugin:80 - create IPUIPlugin
2023-09-03 07:15:29,534 [INFO] PluginManager:220 - loadIPPluginJar : add i2c
2023-09-03 07:15:29,537 [INFO] IPUIPlugin:80 - create IPUIPlugin
2023-09-03 07:15:29,537 [INFO] PluginManager:220 - loadIPPluginJar : add sai
2023-09-03 07:15:29,540 [INFO] IPUIPlugin:80 - create IPUIPlugin
2023-09-03 07:15:29,540 [INFO] PluginManager:220 - loadIPPluginJar : add genericplugin
2023-09-03 07:15:29,546 [INFO] IPUIPlugin:80 - create IPUIPlugin
2023-09-03 07:15:29,550 [INFO] PluginManager:220 - loadIPPluginJar : add plateformsettings
2023-09-03 07:15:29,554 [INFO] IPUIPlugin:80 - create IPUIPlugin
2023-09-03 07:15:29,555 [INFO] PluginManager:220 - loadIPPluginJar : add dfsdm
2023-09-03 07:15:29,559 [INFO] IPUIPlugin:80 - create IPUIPlugin
2023-09-03 07:15:29,559 [INFO] PluginManager:220 - loadIPPluginJar : add can
2023-09-03 07:15:29,563 [INFO] IPUIPlugin:80 - create IPUIPlugin
2023-09-03 07:15:29,563 [INFO] PluginManager:220 - loadIPPluginJar : add ucpd
2023-09-03 07:15:29,567 [INFO] IPUIPlugin:80 - create IPUIPlugin
2023-09-03 07:15:29,568 [INFO] PluginManager:220 - loadIPPluginJar : add openamp
2023-09-03 07:15:29,571 [INFO] IPUIPlugin:80 - create IPUIPlugin
2023-09-03 07:15:29,571 [INFO] PluginManager:220 - loadIPPluginJar : add pdm2pcm
2023-09-03 07:15:29,581 [INFO] IPUIPlugin:80 - create IPUIPlugin
2023-09-03 07:15:29,581 [INFO] PluginManager:220 - loadIPPluginJar : add linkedlist
2023-09-03 07:15:29,585 [INFO] IPUIPlugin:80 - create IPUIPlugin
2023-09-03 07:15:29,585 [INFO] PluginManager:220 - loadIPPluginJar : add gfxmmu
2023-09-03 07:15:29,590 [INFO] IPUIPlugin:80 - create IPUIPlugin
2023-09-03 07:15:29,590 [INFO] PluginManager:220 - loadIPPluginJar : add usbx
2023-09-03 07:15:29,599 [INFO] IPUIPlugin:80 - create IPUIPlugin
2023-09-03 07:15:29,599 [INFO] PluginManager:220 - loadIPPluginJar : add adc
2023-09-03 07:15:29,774 [INFO] CADModel:165 - CPN selected for project level
2023-09-03 07:15:29,775 [INFO] CADModel:114 - Register for checkConnection events
2023-09-03 07:15:29,775 [FATAL] Updater:308 - Updater called before beeing initialized
2023-09-03 07:15:29,775 [ERROR] CADModel:125 - Updater not yet initialized, retry later 
2023-09-03 07:15:30,046 [INFO] CADModel:165 - CPN selected for project level
2023-09-03 07:15:30,046 [INFO] CADModel:114 - Register for checkConnection events
2023-09-03 07:15:30,046 [FATAL] Updater:308 - Updater called before beeing initialized
2023-09-03 07:15:30,046 [ERROR] CADModel:125 - Updater not yet initialized, retry later 
2023-09-03 07:15:30,056 [FATAL] Updater:308 - Updater called before beeing initialized
2023-09-03 07:15:30,244 [FATAL] Updater:308 - Updater called before beeing initialized
2023-09-03 07:15:30,252 [INFO] DbMcusAds:53 - JSON generation date=Tue Mar 07 09:50:55 CET 2023 (1678179055114)
2023-09-03 07:15:30,253 [FATAL] Updater:308 - Updater called before beeing initialized
2023-09-03 07:15:30,337 [WARN] DetailPanel:346 - Failed to get advertising image, set to default
2023-09-03 07:15:30,675 [FATAL] Updater:308 - Updater called before beeing initialized
2023-09-03 07:15:30,677 [FATAL] Updater:308 - Updater called before beeing initialized
2023-09-03 07:15:30,677 [FATAL] Updater:308 - Updater called before beeing initialized
2023-09-03 07:15:30,677 [WARN] DetailPanel:346 - Failed to get advertising image, set to default
2023-09-03 07:15:30,679 [FATAL] Updater:308 - Updater called before beeing initialized
2023-09-03 07:15:30,780 [ERROR] Updater:1120 - MainUpdater not yet initialized. External WinMGr cannot be set.
2023-09-03 07:15:30,782 [INFO] Updater:1056 - Updater Version found : 6.9.1
2023-09-03 07:15:30,808 [INFO] ApplicationProperties:184 - Using Application install path: /opt/st/stm32cubeide_1.13.1/plugins/com.st.stm32cube.common.mx_6.9.1.202307191849
2023-09-03 07:15:31,117 [INFO] MainUpdater:2868 - connection check result : 10
2023-09-03 07:15:31,127 [INFO] MainUpdater:285 - Updater Check For Update Now.
2023-09-03 07:15:31,128 [INFO] MicroXplorer:498 - Change Database Version : DB.6.0.91
2023-09-03 07:15:31,133 [INFO] McuFinderGlobals:63 - Set McuFinder mode to 2 (CubeIDE integrated)
2023-09-03 07:15:31,413 [WARN] MainUpdater:1189 - Updater busy. Cannot search thirdparties
2023-09-03 07:15:31,413 [INFO] ThirdPartyUpdaterWithRetryManager:96 - Updater plugin is busy. [1/15]
2023-09-03 07:15:31,435 [INFO] CheckServerUpdateThread:120 - End of CheckServer Thread
2023-09-03 07:15:34,626 [WARN] PackLoader:240 - Cannot read IP mode file for STMicroelectronics.X-CUBE-SMBUS.2.1.0
2023-09-03 07:15:34,760 [WARN] PackLoader:240 - Cannot read IP mode file for STMicroelectronics.X-CUBE-AZRTOS-F7.1.1.0
2023-09-03 07:15:34,784 [WARN] PackLoader:240 - Cannot read IP mode file for STMicroelectronics.FP-SNS-MOTENV1.4.3.2
2023-09-03 07:15:34,802 [WARN] PackLoader:240 - Cannot read IP mode file for STMicroelectronics.FP-SNS-FLIGHT1.5.0.2
2023-09-03 07:15:34,816 [WARN] PackLoader:240 - Cannot read IP mode file for STMicroelectronics.X-CUBE-DISPLAY.3.0.0
2023-09-03 07:15:34,857 [WARN] PackLoader:240 - Cannot read IP mode file for STMicroelectronics.X-CUBE-BLE1.7.0.0
2023-09-03 07:15:34,871 [WARN] PackLoader:240 - Cannot read IP mode file for emotas.I-CUBE-CANOPEN.1.3.0
2023-09-03 07:15:34,892 [WARN] PackLoader:240 - Cannot read IP mode file for STMicroelectronics.X-CUBE-TOUCHGFX.4.22.0
2023-09-03 07:15:34,928 [INFO] LogOutputStream:77 - [STDOUT_REDIRECT] 1 : Invalid condition id : UX_CORESTACK_Condition cause : null
2023-09-03 07:15:34,930 [INFO] LogOutputStream:77 - [STDOUT_REDIRECT] 1 : Invalid condition id : UX_CORESTACK_Condition cause : null
2023-09-03 07:15:34,930 [INFO] LogOutputStream:77 - [STDOUT_REDIRECT] 1 : Invalid condition id : UX_CORESTACK_Condition cause : null
2023-09-03 07:15:34,930 [INFO] LogOutputStream:77 - [STDOUT_REDIRECT] 1 : Invalid condition id : UX_CORESTACK_Condition cause : null
2023-09-03 07:15:34,931 [INFO] LogOutputStream:77 - [STDOUT_REDIRECT] 1 : Invalid condition id : UX_CORESTACK_Condition cause : null
2023-09-03 07:15:34,953 [WARN] PackLoader:240 - Cannot read IP mode file for STMicroelectronics.X-CUBE-AZRTOS-WL.2.0.0
2023-09-03 07:15:34,971 [WARN] PackLoader:240 - Cannot read IP mode file for WES.I-CUBE-Cesium.1.3.0
2023-09-03 07:15:34,983 [WARN] PackLoader:240 - Cannot read IP mode file for STMicroelectronics.X-CUBE-BLE2.3.3.0
2023-09-03 07:15:35,004 [WARN] PackLoader:240 - Cannot read IP mode file for STMicroelectronics.X-CUBE-ALGOBUILD.1.3.0
2023-09-03 07:15:35,071 [WARN] PackLoader:240 - Cannot read IP mode file for STMicroelectronics.X-CUBE-AZRTOS-G0.1.1.0
2023-09-03 07:15:35,137 [WARN] PackLoader:240 - Cannot read IP mode file for STMicroelectronics.X-CUBE-NFC4.3.0.0
2023-09-03 07:15:35,148 [WARN] PackLoader:240 - Cannot read IP mode file for STMicroelectronics.FP-ATR-SIGFOX1.3.2.0
2023-09-03 07:15:35,309 [WARN] PackLoader:240 - Cannot read IP mode file for SEGGER.I-CUBE-embOS.1.3.1
2023-09-03 07:15:35,513 [WARN] PackLoader:240 - Cannot read IP mode file for STMicroelectronics.X-CUBE-GNSS1.6.0.0
2023-09-03 07:15:35,582 [WARN] PackLoader:240 - Cannot read IP mode file for STMicroelectronics.X-CUBE-AZRTOS-F4.1.1.0
2023-09-03 07:15:35,592 [WARN] PackLoader:240 - Cannot read IP mode file for wolfSSL.I-CUBE-wolfSSL.5.6.3
2023-09-03 07:15:35,649 [WARN] PackLoader:240 - Cannot read IP mode file for STMicroelectronics.X-CUBE-AZRTOS-L5.2.0.0
2023-09-03 07:15:35,785 [WARN] PackLoader:240 - Cannot read IP mode file for STMicroelectronics.X-CUBE-MEMS1.9.6.0
2023-09-03 07:15:36,075 [WARN] PackLoader:240 - Cannot read IP mode file for STMicroelectronics.X-CUBE-BLEMGR.2.0.0
2023-09-03 07:15:36,109 [WARN] ConditionMgr:438 - getConditionDescription Invalid condition id : UX DEVICE CLASS RTOS Condition cause : null
2023-09-03 07:15:36,109 [WARN] ConditionMgr:438 - getConditionDescription Invalid condition id : UX DEVICE CLASS RTOS Condition cause : null
2023-09-03 07:15:36,113 [WARN] PackLoader:240 - Cannot read IP mode file for STMicroelectronics.X-CUBE-AZRTOS-H7.3.1.0
2023-09-03 07:15:36,115 [WARN] ConditionMgr:1039 - genDependencies : Invalid condition id : UX DEVICE CLASS RTOS Condition cause : null
2023-09-03 07:15:36,115 [WARN] ConditionMgr:1039 - genDependencies : Invalid condition id : UX DEVICE CLASS RTOS Condition cause : null
2023-09-03 07:15:36,116 [WARN] ConditionMgr:1039 - genDependencies : Invalid condition id : UX DEVICE CLASS RTOS Condition cause : null
2023-09-03 07:15:36,116 [WARN] ConditionMgr:1039 - genDependencies : Invalid condition id : UX DEVICE CLASS RTOS Condition cause : null
2023-09-03 07:15:36,117 [WARN] ConditionMgr:1039 - genDependencies : Invalid condition id : UX DEVICE CLASS RTOS Condition cause : null
2023-09-03 07:15:36,124 [WARN] PackLoader:240 - Cannot read IP mode file for STMicroelectronics.X-CUBE-NFC7.1.0.1
2023-09-03 07:15:36,131 [WARN] PackLoader:240 - Cannot read IP mode file for STMicroelectronics.X-CUBE-EEPRMA1.4.1.0
2023-09-03 07:15:36,137 [WARN] PackLoader:240 - Cannot read IP mode file for STMicroelectronics.X-CUBE-AI.8.1.0
2023-09-03 07:15:36,190 [WARN] ConditionMgr:438 - getConditionDescription Invalid condition id : LAN8742 Phy interface Condition cause : null
2023-09-03 07:15:36,191 [WARN] PackLoader:240 - Cannot read IP mode file for STMicroelectronics.X-CUBE-AZRTOS-L4.2.0.0
2023-09-03 07:15:36,193 [WARN] ConditionMgr:1039 - genDependencies : Invalid condition id : LAN8742 Phy interface Condition cause : null
2023-09-03 07:15:36,194 [WARN] ConditionMgr:1039 - genDependencies : Invalid condition id : LAN8742 Phy interface Condition cause : null
2023-09-03 07:15:36,195 [WARN] ConditionMgr:1039 - genDependencies : Invalid condition id : LAN8742 Phy interface Condition cause : null
2023-09-03 07:15:36,207 [WARN] PackLoader:240 - Cannot read IP mode file for STMicroelectronics.X-CUBE-SFXS2LP1.4.0.0
2023-09-03 07:15:36,213 [WARN] PackLoader:240 - Cannot read IP mode file for STMicroelectronics.X-CUBE-ISPU.1.1.0
2023-09-03 07:15:36,240 [WARN] ConditionMgr:438 - getConditionDescription Invalid condition id : UX DEVICE CLASS RTOS Condition cause : null
2023-09-03 07:15:36,240 [WARN] ConditionMgr:438 - getConditionDescription Invalid condition id : UX DEVICE CLASS RTOS Condition cause : null
2023-09-03 07:15:36,244 [WARN] PackLoader:240 - Cannot read IP mode file for STMicroelectronics.X-CUBE-AZRTOS-WB.2.0.0
2023-09-03 07:15:36,245 [WARN] ConditionMgr:1039 - genDependencies : Invalid condition id : UX DEVICE CLASS RTOS Condition cause : null
2023-09-03 07:15:36,245 [WARN] ConditionMgr:1039 - genDependencies : Invalid condition id : UX DEVICE CLASS RTOS Condition cause : null
2023-09-03 07:15:36,246 [WARN] ConditionMgr:1039 - genDependencies : Invalid condition id : UX DEVICE CLASS RTOS Condition cause : null
2023-09-03 07:15:36,247 [WARN] ConditionMgr:1039 - genDependencies : Invalid condition id : UX DEVICE CLASS RTOS Condition cause : null
2023-09-03 07:15:36,247 [WARN] ConditionMgr:1039 - genDependencies : Invalid condition id : UX DEVICE CLASS RTOS Condition cause : null
2023-09-03 07:15:36,266 [WARN] PackLoader:240 - Cannot read IP mode file for STMicroelectronics.X-CUBE-SUBG2.5.0.0
2023-09-03 07:15:36,304 [WARN] PackLoader:240 - Cannot read IP mode file for STMicroelectronics.X-CUBE-TOF1.3.3.1
2023-09-03 07:15:36,348 [WARN] PackLoader:240 - Cannot read IP mode file for STMicroelectronics.X-CUBE-AZRTOS-G4.2.0.0
2023-09-03 07:15:36,357 [WARN] PackLoader:240 - Cannot read IP mode file for STMicroelectronics.X-CUBE-FREERTOS.1.1.0
2023-09-03 07:15:36,364 [WARN] PackLoader:240 - Cannot read IP mode file for portGmbH.I-Cube-SoM-uGOAL.1.1.0
2023-09-03 07:15:36,369 [WARN] PackLoader:240 - Cannot read IP mode file for STMicroelectronics.X-CUBE-ALS.1.0.1
2023-09-03 07:15:36,373 [WARN] PackLoader:240 - Cannot read IP mode file for STMicroelectronics.FP-ATR-ASTRA1.2.0.0
2023-09-03 07:15:36,374 [INFO] ThirdParty:978 - Integrity check success = true
2023-09-03 07:15:36,374 [INFO] IntegrityCheckThread:100 - exiting critical section [integrity check]
2023-09-03 07:15:36,375 [INFO] IntegrityCheckThread:103 - End integrity checks thread
2023-09-03 07:15:51,736 [ERROR] LogOutputStream:75 - [STDERR_REDIRECT] SLF4J: Failed to load class "org.slf4j.impl.StaticLoggerBinder".
2023-09-03 07:15:51,737 [ERROR] LogOutputStream:75 - [STDERR_REDIRECT] SLF4J: Defaulting to no-operation (NOP) logger implementation
2023-09-03 07:15:51,737 [ERROR] LogOutputStream:75 - [STDERR_REDIRECT] SLF4J: See http://www.slf4j.org/codes.html#StaticLoggerBinder for further details.
