2024-05-21 10:32:37,983 [INFO] Activator:176 - 


2024-05-21 10:32:37,986 [INFO] Activator:177 - !SESSION log4j initialized
2024-05-21 10:32:41,775 [INFO] LogOutputStream:77 - [STDOUT_REDIRECT] 
2024-05-21 10:32:43,000 [INFO] ApplicationProperties:184 - Using Application install path: /opt/st/stm32cubeide_1.15.1/plugins/com.st.stm32cube.common.mx_6.11.1.202404110753
2024-05-21 10:32:43,013 [INFO] DbMcusXml:78 - Set database path to: /opt/st/stm32cubeide_1.15.1/plugins/com.st.stm32cube.common.mx_6.11.1.202404110753//db//mcu/
2024-05-21 10:32:43,013 [INFO] ApiDb:274 - Set plugin database path to: /opt/st/stm32cubeide_1.15.1/plugins/com.st.stm32cube.common.mx_6.11.1.202404110753//db//plugins/boardmanager/
2024-05-21 10:32:43,013 [WARN] ApiDb:259 - Overriding images path with different value:  => /opt/st/stm32cubeide_1.15.1/plugins/com.st.stm32cube.common.mx_6.11.1.202404110753//db//plugins/mcufinder/images/
2024-05-21 10:32:43,016 [INFO] ApiDb:250 - Set database path to: /home/tjp/.stmcufinder/plugins/mcufinder//mcu/
2024-05-21 10:32:43,017 [INFO] DbMcusAds:125 - Set database path to: /home/tjp/.stmcufinder/plugins/mcufinder//mcu/
2024-05-21 10:32:43,019 [INFO] CrossReferenceDbSqlite:203 - Set database path to: /home/tjp/.stmcufinder/plugins/mcufinder//mcu/cs/
2024-05-21 10:32:43,109 [INFO] RulesReader:64 - Compatibility file has been processed (297 Rules)
2024-05-21 10:32:43,157 [INFO] DbMcusXml:78 - Set database path to: /opt/st/stm32cubeide_1.15.1/plugins/com.st.stm32cube.common.mx_6.11.1.202404110753//db//mcu/
2024-05-21 10:32:43,157 [INFO] ApiDb:274 - Set plugin database path to: /opt/st/stm32cubeide_1.15.1/plugins/com.st.stm32cube.common.mx_6.11.1.202404110753//db//plugins/boardmanager/
2024-05-21 10:32:43,157 [INFO] ApiDb:261 - Set plugin images path to: /opt/st/stm32cubeide_1.15.1/plugins/com.st.stm32cube.common.mx_6.11.1.202404110753//db//plugins/mcufinder/images/
2024-05-21 10:32:43,158 [WARN] DbFile:41 - Overriding database path with different value: /home/tjp/.stmcufinder/plugins/mcufinder/ => /home/tjp/.stmcufinder/plugins/mcufinder
2024-05-21 10:32:43,158 [INFO] ApiDb:250 - Set database path to: /home/tjp/.stmcufinder/plugins/mcufinder//mcu/
2024-05-21 10:32:43,158 [WARN] DbFile:41 - Overriding database path with different value: /home/tjp/.stmcufinder/plugins/mcufinder/ => /home/tjp/.stmcufinder/plugins/mcufinder
2024-05-21 10:32:43,158 [INFO] DbMcusAds:125 - Set database path to: /home/tjp/.stmcufinder/plugins/mcufinder//mcu/
2024-05-21 10:32:43,158 [WARN] DbFile:41 - Overriding database path with different value: /home/tjp/.stmcufinder/plugins/mcufinder/ => /home/tjp/.stmcufinder/plugins/mcufinder
2024-05-21 10:32:43,158 [WARN] DbFile:41 - Overriding database path with different value: /home/tjp/.stmcufinder/plugins/mcufinder/ => /home/tjp/.stmcufinder/plugins/mcufinder
2024-05-21 10:32:43,158 [INFO] CrossReferenceDbSqlite:203 - Set database path to: /home/tjp/.stmcufinder/plugins/mcufinder//mcu/cs/
2024-05-21 10:32:43,204 [INFO] MainPanel:264 - HeapMemory: 268435456
2024-05-21 10:32:43,264 [INFO] DbMcusXml:78 - Set database path to: /opt/st/stm32cubeide_1.15.1/plugins/com.st.stm32cube.common.mx_6.11.1.202404110753//db//mcu/
2024-05-21 10:32:43,264 [INFO] ApiDb:274 - Set plugin database path to: /opt/st/stm32cubeide_1.15.1/plugins/com.st.stm32cube.common.mx_6.11.1.202404110753//db//plugins/boardmanager/
2024-05-21 10:32:43,264 [INFO] ApiDb:261 - Set plugin images path to: /opt/st/stm32cubeide_1.15.1/plugins/com.st.stm32cube.common.mx_6.11.1.202404110753//db//plugins/mcufinder/images/
2024-05-21 10:32:43,264 [WARN] DbFile:41 - Overriding database path with different value: /home/tjp/.stmcufinder/plugins/mcufinder/ => /home/tjp/.stmcufinder/plugins/mcufinder
2024-05-21 10:32:43,264 [INFO] ApiDb:250 - Set database path to: /home/tjp/.stmcufinder/plugins/mcufinder//mcu/
2024-05-21 10:32:43,265 [WARN] DbFile:41 - Overriding database path with different value: /home/tjp/.stmcufinder/plugins/mcufinder/ => /home/tjp/.stmcufinder/plugins/mcufinder
2024-05-21 10:32:43,265 [INFO] DbMcusAds:125 - Set database path to: /home/tjp/.stmcufinder/plugins/mcufinder//mcu/
2024-05-21 10:32:43,265 [WARN] DbFile:41 - Overriding database path with different value: /home/tjp/.stmcufinder/plugins/mcufinder/ => /home/tjp/.stmcufinder/plugins/mcufinder
2024-05-21 10:32:43,265 [WARN] DbFile:41 - Overriding database path with different value: /home/tjp/.stmcufinder/plugins/mcufinder/ => /home/tjp/.stmcufinder/plugins/mcufinder
2024-05-21 10:32:43,265 [INFO] CrossReferenceDbSqlite:203 - Set database path to: /home/tjp/.stmcufinder/plugins/mcufinder//mcu/cs/
2024-05-21 10:32:43,276 [INFO] ApplicationProperties:184 - Using Application install path: /opt/st/stm32cubeide_1.15.1/plugins/com.st.stm32cube.common.mx_6.11.1.202404110753
2024-05-21 10:32:43,277 [INFO] PluginManage:196 - Search for loadable plugins [exclusion list=, ]
2024-05-21 10:32:43,278 [INFO] PluginManage:310 - Check plugin analytics
2024-05-21 10:32:43,390 [INFO] AnalyticsPlugin:253 - Accepted Software Licenses: 
2024-05-21 10:32:43,390 [INFO] AnalyticsPlugin:255 - Accepted CMSIS Pack Licenses: 
2024-05-21 10:32:43,390 [INFO] AnalyticsPlugin:257 - Accepted Firmware Licenses: FW.G0.1.6.0
2024-05-21 10:32:43,392 [INFO] PluginManage:359 - Loaded plugin analytics (category:tool,tabindex:-1)
2024-05-21 10:32:43,392 [INFO] PluginManage:310 - Check plugin cadmodel
2024-05-21 10:32:43,407 [INFO] CADModel:105 - Init CAD model plugin
2024-05-21 10:32:43,407 [INFO] PluginManage:359 - Loaded plugin cadmodel (category:power,tabindex:5)
2024-05-21 10:32:43,408 [INFO] PluginManage:310 - Check plugin clock
2024-05-21 10:32:43,414 [INFO] PluginManage:359 - Loaded plugin clock (category:base,tabindex:2)
2024-05-21 10:32:43,414 [INFO] PluginManage:310 - Check plugin ddr
2024-05-21 10:32:43,415 [INFO] PluginManage:359 - Loaded plugin ddr (category:tool,tabindex:6)
2024-05-21 10:32:43,415 [INFO] PluginManage:310 - Check plugin filemanager
2024-05-21 10:32:43,530 [INFO] PluginManage:359 - Loaded plugin filemanager (category:base,tabindex:10)
2024-05-21 10:32:43,531 [INFO] PluginManage:310 - Check plugin ipmanager
2024-05-21 10:32:43,535 [INFO] PluginManage:359 - Loaded plugin ipmanager (category:base,tabindex:5)
2024-05-21 10:32:43,535 [INFO] PluginManage:310 - Check plugin lpbam
2024-05-21 10:32:43,542 [INFO] PluginManage:359 - Loaded plugin lpbam (category:base,tabindex:0)
2024-05-21 10:32:43,542 [INFO] PluginManage:310 - Check plugin memorymap
2024-05-21 10:32:43,550 [INFO] PluginManage:359 - Loaded plugin memorymap (category:base,tabindex:4)
2024-05-21 10:32:43,550 [INFO] PluginManage:310 - Check plugin pinoutandconfiguration
2024-05-21 10:32:43,555 [INFO] PluginManage:359 - Loaded plugin pinoutandconfiguration (category:base,tabindex:1)
2024-05-21 10:32:43,556 [INFO] PluginManage:310 - Check plugin pinoutconfig
2024-05-21 10:32:43,619 [WARN] SupportedApi:132 - Cannot load RTOS API schema: s4s-elt-must-match.1: The content of 'definitions' must match (annotation?, (simpleType | complexType)?, (unique | key | keyref)*)). A problem was found starting at: attribute.
2024-05-21 10:32:43,721 [INFO] PluginManage:359 - Loaded plugin pinoutconfig (category:base,tabindex:0)
2024-05-21 10:32:43,721 [INFO] PluginManage:310 - Check plugin power
2024-05-21 10:32:43,727 [INFO] PluginManage:359 - Loaded plugin power (category:power,tabindex:4)
2024-05-21 10:32:43,727 [INFO] PluginManage:310 - Check plugin projectmanager
2024-05-21 10:32:43,739 [INFO] PluginManage:359 - Loaded plugin projectmanager (category:projectmanager,tabindex:3)
2024-05-21 10:32:43,739 [INFO] PluginManage:310 - Check plugin thirdparty
2024-05-21 10:32:43,872 [INFO] PluginManage:359 - Loaded plugin thirdparty (category:base,tabindex:-1)
2024-05-21 10:32:43,872 [INFO] PluginManage:310 - Check plugin tools
2024-05-21 10:32:43,874 [INFO] PluginManage:359 - Loaded plugin tools (category:base,tabindex:7)
2024-05-21 10:32:43,874 [INFO] PluginManage:310 - Check plugin tutovideos
2024-05-21 10:32:43,879 [WARN] IntegrityCheckThread:84 - waiting for thirdparty lock release [integrity check]
2024-05-21 10:32:43,880 [INFO] IntegrityCheckThread:86 - entering critical section [integrity check]
2024-05-21 10:32:43,880 [INFO] ThirdPartyUpdaterWithRetryManager:70 - Updater plugin not ready yet. [1/15]
2024-05-21 10:32:44,010 [INFO] PluginManage:359 - Loaded plugin tutovideos (category:base,tabindex:-1)
2024-05-21 10:32:44,011 [INFO] PluginManage:310 - Check plugin updater
2024-05-21 10:32:44,017 [INFO] PluginManage:359 - Loaded plugin updater (category:base,tabindex:12)
2024-05-21 10:32:44,017 [INFO] PluginManage:310 - Check plugin userauth
2024-05-21 10:32:44,021 [INFO] UserAuth:114 - Init User Auth plugin
2024-05-21 10:32:44,021 [INFO] PluginManage:359 - Loaded plugin userauth (category:base,tabindex:14)
2024-05-21 10:32:44,021 [INFO] PluginManage:283 - PluginManage : Loaded plugins [17]
2024-05-21 10:32:44,150 [INFO] PinOutPanel:1561 - setPackage(No Configuration,No Configuration)
2024-05-21 10:32:44,193 [INFO] CADModel:165 - CPN selected for project level
2024-05-21 10:32:44,193 [INFO] CADModel:114 - Register for checkConnection events
2024-05-21 10:32:44,202 [INFO] IPUIPlugin:80 - create IPUIPlugin
2024-05-21 10:32:44,203 [INFO] PluginManager:220 - loadIPPluginJar : add ipddr
2024-05-21 10:32:44,204 [INFO] IPUIPlugin:80 - create IPUIPlugin
2024-05-21 10:32:44,204 [INFO] PluginManager:220 - loadIPPluginJar : add hash
2024-05-21 10:32:44,209 [INFO] IPUIPlugin:80 - create IPUIPlugin
2024-05-21 10:32:44,209 [INFO] PluginManager:220 - loadIPPluginJar : add dma
2024-05-21 10:32:44,211 [INFO] IPUIPlugin:80 - create IPUIPlugin
2024-05-21 10:32:44,211 [INFO] PluginManager:220 - loadIPPluginJar : add aes
2024-05-21 10:32:44,216 [INFO] IPUIPlugin:80 - create IPUIPlugin
2024-05-21 10:32:44,216 [INFO] PluginManager:220 - loadIPPluginJar : add linkedlist
2024-05-21 10:32:44,218 [INFO] IPUIPlugin:80 - create IPUIPlugin
2024-05-21 10:32:44,218 [INFO] PluginManager:220 - loadIPPluginJar : add dfsdm
2024-05-21 10:32:44,220 [INFO] IPUIPlugin:80 - create IPUIPlugin
2024-05-21 10:32:44,220 [INFO] PluginManager:220 - loadIPPluginJar : add usart
2024-05-21 10:32:44,225 [INFO] IPUIPlugin:80 - create IPUIPlugin
2024-05-21 10:32:44,225 [INFO] PluginManager:220 - loadIPPluginJar : add adc
2024-05-21 10:32:44,227 [INFO] IPUIPlugin:80 - create IPUIPlugin
2024-05-21 10:32:44,227 [INFO] PluginManager:220 - loadIPPluginJar : add cryp
2024-05-21 10:32:44,229 [INFO] IPUIPlugin:80 - create IPUIPlugin
2024-05-21 10:32:44,229 [INFO] PluginManager:220 - loadIPPluginJar : add resmgrutility
2024-05-21 10:32:44,231 [INFO] IPUIPlugin:80 - create IPUIPlugin
2024-05-21 10:32:44,231 [INFO] PluginManager:220 - loadIPPluginJar : add dma3
2024-05-21 10:32:44,232 [INFO] IPUIPlugin:80 - create IPUIPlugin
2024-05-21 10:32:44,232 [INFO] PluginManager:220 - loadIPPluginJar : add gfxmmu
2024-05-21 10:32:44,235 [INFO] IPUIPlugin:80 - create IPUIPlugin
2024-05-21 10:32:44,236 [INFO] PluginManager:220 - loadIPPluginJar : add gic
2024-05-21 10:32:44,237 [INFO] IPUIPlugin:80 - create IPUIPlugin
2024-05-21 10:32:44,238 [INFO] PluginManager:220 - loadIPPluginJar : add usbx
2024-05-21 10:32:44,239 [INFO] IPUIPlugin:80 - create IPUIPlugin
2024-05-21 10:32:44,239 [INFO] PluginManager:220 - loadIPPluginJar : add i2c
2024-05-21 10:32:44,241 [INFO] IPUIPlugin:80 - create IPUIPlugin
2024-05-21 10:32:44,241 [INFO] PluginManager:220 - loadIPPluginJar : add ts
2024-05-21 10:32:44,242 [INFO] IPUIPlugin:80 - create IPUIPlugin
2024-05-21 10:32:44,242 [INFO] PluginManager:220 - loadIPPluginJar : add tim
2024-05-21 10:32:44,244 [INFO] IPUIPlugin:80 - create IPUIPlugin
2024-05-21 10:32:44,244 [INFO] PluginManager:220 - loadIPPluginJar : add touchsensing
2024-05-21 10:32:44,246 [INFO] IPUIPlugin:80 - create IPUIPlugin
2024-05-21 10:32:44,246 [INFO] PluginManager:220 - loadIPPluginJar : add ucpd
2024-05-21 10:32:44,247 [INFO] IPUIPlugin:80 - create IPUIPlugin
2024-05-21 10:32:44,247 [INFO] PluginManager:220 - loadIPPluginJar : add fatfs
2024-05-21 10:32:44,249 [INFO] IPUIPlugin:80 - create IPUIPlugin
2024-05-21 10:32:44,249 [INFO] PluginManager:220 - loadIPPluginJar : add sai
2024-05-21 10:32:44,250 [INFO] IPUIPlugin:80 - create IPUIPlugin
2024-05-21 10:32:44,250 [INFO] PluginManager:220 - loadIPPluginJar : add spi
2024-05-21 10:32:44,252 [INFO] IPUIPlugin:80 - create IPUIPlugin
2024-05-21 10:32:44,252 [INFO] PluginManager:220 - loadIPPluginJar : add opamp
2024-05-21 10:32:44,253 [INFO] IPUIPlugin:80 - create IPUIPlugin
2024-05-21 10:32:44,253 [INFO] PluginManager:220 - loadIPPluginJar : add comp
2024-05-21 10:32:44,255 [INFO] IPUIPlugin:80 - create IPUIPlugin
2024-05-21 10:32:44,255 [INFO] PluginManager:220 - loadIPPluginJar : add openamp
2024-05-21 10:32:44,256 [INFO] IPUIPlugin:80 - create IPUIPlugin
2024-05-21 10:32:44,257 [INFO] PluginManager:220 - loadIPPluginJar : add quadspi
2024-05-21 10:32:44,260 [INFO] IPUIPlugin:80 - create IPUIPlugin
2024-05-21 10:32:44,260 [INFO] PluginManager:220 - loadIPPluginJar : add freertos
2024-05-21 10:32:44,262 [INFO] IPUIPlugin:80 - create IPUIPlugin
2024-05-21 10:32:44,262 [INFO] PluginManager:220 - loadIPPluginJar : add can
2024-05-21 10:32:44,263 [INFO] IPUIPlugin:80 - create IPUIPlugin
2024-05-21 10:32:44,263 [INFO] PluginManager:220 - loadIPPluginJar : add tsc
2024-05-21 10:32:44,267 [INFO] IPUIPlugin:80 - create IPUIPlugin
2024-05-21 10:32:44,268 [INFO] PluginManager:220 - loadIPPluginJar : add mdma
2024-05-21 10:32:44,271 [INFO] IPUIPlugin:80 - create IPUIPlugin
2024-05-21 10:32:44,271 [INFO] PluginManager:220 - loadIPPluginJar : add stm32_wpan
2024-05-21 10:32:44,273 [INFO] IPUIPlugin:80 - create IPUIPlugin
2024-05-21 10:32:44,273 [INFO] PluginManager:220 - loadIPPluginJar : add gtzc
2024-05-21 10:32:44,275 [INFO] IPUIPlugin:80 - create IPUIPlugin
2024-05-21 10:32:44,275 [INFO] PluginManager:220 - loadIPPluginJar : add pdm2pcm
2024-05-21 10:32:44,278 [INFO] IPUIPlugin:80 - create IPUIPlugin
2024-05-21 10:32:44,278 [INFO] PluginManager:220 - loadIPPluginJar : add fmc
2024-05-21 10:32:44,279 [INFO] IPUIPlugin:80 - create IPUIPlugin
2024-05-21 10:32:44,279 [INFO] PluginManager:220 - loadIPPluginJar : add tracer_emb
2024-05-21 10:32:44,283 [INFO] IPUIPlugin:80 - create IPUIPlugin
2024-05-21 10:32:44,285 [INFO] PluginManager:220 - loadIPPluginJar : add plateformsettings
2024-05-21 10:32:44,287 [INFO] IPUIPlugin:80 - create IPUIPlugin
2024-05-21 10:32:44,287 [INFO] PluginManager:220 - loadIPPluginJar : add extmemmanager
2024-05-21 10:32:44,288 [INFO] IPUIPlugin:80 - create IPUIPlugin
2024-05-21 10:32:44,288 [INFO] PluginManager:220 - loadIPPluginJar : add ltdc
2024-05-21 10:32:44,290 [INFO] IPUIPlugin:80 - create IPUIPlugin
2024-05-21 10:32:44,290 [INFO] PluginManager:220 - loadIPPluginJar : add nvic
2024-05-21 10:32:44,291 [INFO] IPUIPlugin:80 - create IPUIPlugin
2024-05-21 10:32:44,291 [INFO] PluginManager:220 - loadIPPluginJar : add lorawan
2024-05-21 10:32:44,293 [INFO] IPUIPlugin:80 - create IPUIPlugin
2024-05-21 10:32:44,293 [INFO] PluginManager:220 - loadIPPluginJar : add i2s
2024-05-21 10:32:44,295 [INFO] IPUIPlugin:80 - create IPUIPlugin
2024-05-21 10:32:44,295 [INFO] PluginManager:220 - loadIPPluginJar : add gpio
2024-05-21 10:32:44,297 [INFO] IPUIPlugin:80 - create IPUIPlugin
2024-05-21 10:32:44,297 [INFO] PluginManager:220 - loadIPPluginJar : add i3c
2024-05-21 10:32:44,298 [INFO] IPUIPlugin:80 - create IPUIPlugin
2024-05-21 10:32:44,298 [INFO] PluginManager:220 - loadIPPluginJar : add genericplugin
2024-05-21 10:32:44,394 [INFO] CADModel:165 - CPN selected for project level
2024-05-21 10:32:44,394 [INFO] CADModel:114 - Register for checkConnection events
2024-05-21 10:32:44,394 [FATAL] Updater:308 - Updater called before beeing initialized
2024-05-21 10:32:44,395 [ERROR] CADModel:125 - Updater not yet initialized, retry later 
2024-05-21 10:32:44,490 [INFO] CADModel:165 - CPN selected for project level
2024-05-21 10:32:44,490 [INFO] CADModel:114 - Register for checkConnection events
2024-05-21 10:32:44,490 [FATAL] Updater:308 - Updater called before beeing initialized
2024-05-21 10:32:44,490 [ERROR] CADModel:125 - Updater not yet initialized, retry later 
2024-05-21 10:32:44,493 [FATAL] Updater:308 - Updater called before beeing initialized
2024-05-21 10:32:44,575 [FATAL] Updater:308 - Updater called before beeing initialized
2024-05-21 10:32:44,578 [INFO] DbMcusAds:53 - JSON generation date=Thu May 16 11:22:00 CEST 2024 (1715851320852)
2024-05-21 10:32:44,579 [FATAL] Updater:308 - Updater called before beeing initialized
2024-05-21 10:32:44,606 [WARN] DetailPanel:346 - Failed to get advertising image, set to default
2024-05-21 10:32:44,690 [FATAL] Updater:308 - Updater called before beeing initialized
2024-05-21 10:32:44,691 [FATAL] Updater:308 - Updater called before beeing initialized
2024-05-21 10:32:44,691 [FATAL] Updater:308 - Updater called before beeing initialized
2024-05-21 10:32:44,691 [WARN] DetailPanel:346 - Failed to get advertising image, set to default
2024-05-21 10:32:44,692 [FATAL] Updater:308 - Updater called before beeing initialized
2024-05-21 10:32:44,717 [ERROR] Updater:1120 - MainUpdater not yet initialized. External WinMGr cannot be set.
2024-05-21 10:32:44,718 [INFO] Updater:1056 - Updater Version found : 6.11.1
2024-05-21 10:32:44,732 [INFO] ApplicationProperties:184 - Using Application install path: /opt/st/stm32cubeide_1.15.1/plugins/com.st.stm32cube.common.mx_6.11.1.202404110753
2024-05-21 10:32:44,922 [INFO] MainUpdater:2873 - connection check result : 10
2024-05-21 10:32:44,922 [INFO] MainUpdater:3567 - Updater definition file requires update
2024-05-21 10:32:44,922 [INFO] MainUpdater:290 - Updater Check For Update Now.
2024-05-21 10:32:44,923 [INFO] MicroXplorer:498 - Change Database Version : DB.6.0.111
2024-05-21 10:32:44,926 [INFO] McuFinderGlobals:63 - Set McuFinder mode to 2 (CubeIDE integrated)
2024-05-21 10:32:44,930 [INFO] UserAuth:415 - Internet connection configuration mode: 1
2024-05-21 10:32:44,937 [INFO] JxBrowserEngine:152 - Initiate JxBrowser Engine with user profile folder
2024-05-21 10:32:44,976 [INFO] ServerAccessManage:473 - Download File updaters.zip
2024-05-21 10:32:45,037 [INFO] FileExtend:240 - Unzip File : updaters.zip
2024-05-21 10:32:45,037 [INFO] FileExtend:255 - Standard Zip Deflate
2024-05-21 10:32:45,158 [INFO] ServerAccessManage:473 - Download File PacksControlFlags.xml
2024-05-21 10:32:45,215 [INFO] ServerAccessManage:473 - Download File cubemx.pidx
2024-05-21 10:32:45,523 [INFO] WebApp:161 - Instantiating new browser for Auth
2024-05-21 10:32:45,939 [INFO] ServerAccessManage:473 - Download File STMicroelectronics.X-CUBE-ALS.pdsc
2024-05-21 10:32:45,985 [INFO] WebApp:779 - Register for checkConnection events
2024-05-21 10:32:45,985 [INFO] WebApp:414 - Apply proxy settings
2024-05-21 10:32:45,985 [INFO] WebApp:499 - Chromium requires no authentication
2024-05-21 10:32:45,990 [INFO] WebApp:442 - Direct internet connection detected
2024-05-21 10:32:46,100 [INFO] WebApp:192 - Starting web application
2024-05-21 10:32:46,100 [INFO] WebApp:544 - Web application path used /opt/st/stm32cubeide_1.15.1/plugins/com.st.stm32cube.common.mx_6.11.1.202404110753/db/plugins/mcufinder/reactClient1/index.html
2024-05-21 10:32:46,881 [WARN] MainUpdater:1194 - Updater busy. Cannot search thirdparties
2024-05-21 10:32:46,881 [INFO] ThirdPartyUpdaterWithRetryManager:96 - Updater plugin is busy. [1/15]
2024-05-21 10:32:49,881 [WARN] MainUpdater:1194 - Updater busy. Cannot search thirdparties
2024-05-21 10:32:49,881 [INFO] ThirdPartyUpdaterWithRetryManager:96 - Updater plugin is busy. [2/15]
2024-05-21 10:32:49,887 [WARN] PackLoader:240 - Cannot read IP mode file for STMicroelectronics.X-CUBE-ALS.1.0.2
2024-05-21 10:32:49,899 [INFO] PopulateThirdPartyThread:66 - Ending populate Thread
2024-05-21 10:32:49,900 [INFO] ThirdParty:1030 - CMSIS Pack Vendor :STMicroelectronics X-CUBE-ALS 1.0.2
2024-05-21 10:32:49,900 [INFO] LoadServerUpdatesThread:375 - End of LoadServerUpdate Thread
2024-05-21 10:32:50,026 [INFO] CheckServerUpdateThread:120 - End of CheckServer Thread
2024-05-21 10:32:52,964 [WARN] PackLoader:240 - Cannot read IP mode file for STMicroelectronics.FP-SNS-MOTENVWB1.1.4.0
2024-05-21 10:32:52,968 [WARN] PackLoader:240 - Cannot read IP mode file for STMicroelectronics.X-CUBE-SMBUS.2.1.0
2024-05-21 10:32:52,970 [WARN] PackLoader:240 - Cannot read IP mode file for STMicroelectronics.X-CUBE-TOUCHGFX.4.23.2
2024-05-21 10:32:52,988 [WARN] PackLoader:240 - Cannot read IP mode file for STMicroelectronics.X-CUBE-AZRTOS-F7.1.1.0
2024-05-21 10:32:52,994 [WARN] PackLoader:240 - Cannot read IP mode file for STMicroelectronics.FP-SNS-FLIGHT1.5.0.2
2024-05-21 10:32:52,999 [WARN] PackLoader:240 - Cannot read IP mode file for STMicroelectronics.X-CUBE-DISPLAY.3.0.0
2024-05-21 10:32:53,007 [WARN] PackLoader:240 - Cannot read IP mode file for STMicroelectronics.X-CUBE-BLE1.7.0.0
2024-05-21 10:32:53,011 [WARN] PackLoader:240 - Cannot read IP mode file for emotas.I-CUBE-CANOPEN.1.3.0
2024-05-21 10:32:53,018 [WARN] PackLoader:240 - Cannot read IP mode file for STMicroelectronics.X-CUBE-BLEMGR.3.1.0
2024-05-21 10:32:53,023 [WARN] PackLoader:240 - Cannot read IP mode file for STMicroelectronics.FP-SNS-SMARTAG2.1.2.0
2024-05-21 10:32:53,029 [INFO] LogOutputStream:77 - [STDOUT_REDIRECT] 1 : Invalid condition id : UX_CORESTACK_Condition cause : null
2024-05-21 10:32:53,030 [INFO] LogOutputStream:77 - [STDOUT_REDIRECT] 1 : Invalid condition id : UX_CORESTACK_Condition cause : null
2024-05-21 10:32:53,030 [INFO] LogOutputStream:77 - [STDOUT_REDIRECT] 1 : Invalid condition id : UX_CORESTACK_Condition cause : null
2024-05-21 10:32:53,030 [INFO] LogOutputStream:77 - [STDOUT_REDIRECT] 1 : Invalid condition id : UX_CORESTACK_Condition cause : null
2024-05-21 10:32:53,030 [INFO] LogOutputStream:77 - [STDOUT_REDIRECT] 1 : Invalid condition id : UX_CORESTACK_Condition cause : null
2024-05-21 10:32:53,033 [WARN] PackLoader:240 - Cannot read IP mode file for STMicroelectronics.X-CUBE-AZRTOS-WL.2.0.0
2024-05-21 10:32:53,038 [WARN] PackLoader:240 - Cannot read IP mode file for STMicroelectronics.FP-SNS-MOTENV1.5.0.0
2024-05-21 10:32:53,043 [WARN] PackLoader:240 - Cannot read IP mode file for WES.I-CUBE-Cesium.1.3.0
2024-05-21 10:32:53,046 [WARN] PackLoader:240 - Cannot read IP mode file for STMicroelectronics.X-CUBE-BLE2.3.3.0
2024-05-21 10:32:53,049 [WARN] PackLoader:240 - Cannot read IP mode file for STMicroelectronics.X-CUBE-TCPP.4.1.0
2024-05-21 10:32:53,054 [WARN] PackLoader:240 - Cannot read IP mode file for STMicroelectronics.X-CUBE-ALGOBUILD.1.3.0
2024-05-21 10:32:53,065 [WARN] PackLoader:240 - Cannot read IP mode file for STMicroelectronics.X-CUBE-AZRTOS-G0.1.1.0
2024-05-21 10:32:53,071 [WARN] PackLoader:240 - Cannot read IP mode file for STMicroelectronics.X-CUBE-SAFEA1.1.2.2
2024-05-21 10:32:53,075 [WARN] PackLoader:240 - Cannot read IP mode file for STMicroelectronics.X-CUBE-NFC4.3.0.0
2024-05-21 10:32:53,078 [WARN] PackLoader:240 - Cannot read IP mode file for wolfSSL.I-CUBE-wolfSSL.5.7.0
2024-05-21 10:32:53,080 [WARN] PackLoader:240 - Cannot read IP mode file for STMicroelectronics.FP-ATR-SIGFOX1.3.2.0
2024-05-21 10:32:53,084 [WARN] PackLoader:240 - Cannot read IP mode file for STMicroelectronics.X-CUBE-EEPRMA1.5.1.0
2024-05-21 10:32:53,088 [WARN] PackLoader:240 - Cannot read IP mode file for ITTIA_DB.I-CUBE-ITTIADB.8.9.0
2024-05-21 10:32:53,112 [WARN] PackLoader:240 - Cannot read IP mode file for SEGGER.I-CUBE-embOS.1.3.1
2024-05-21 10:32:53,146 [WARN] PackLoader:240 - Cannot read IP mode file for STMicroelectronics.X-CUBE-ALGOBUILD.1.4.0
2024-05-21 10:32:53,149 [WARN] PackLoader:240 - Cannot read IP mode file for STMicroelectronics.X-CUBE-GNSS1.6.0.0
2024-05-21 10:32:53,168 [WARN] PackLoader:240 - Cannot read IP mode file for STMicroelectronics.X-CUBE-AZRTOS-F4.1.1.0
2024-05-21 10:32:53,172 [WARN] PackLoader:240 - Cannot read IP mode file for STMicroelectronics.X-CUBE-FREERTOS.1.2.0
2024-05-21 10:32:53,183 [WARN] PackLoader:240 - Cannot read IP mode file for STMicroelectronics.X-CUBE-AZRTOS-L5.2.0.0
2024-05-21 10:32:53,189 [WARN] PackLoader:240 - Cannot read IP mode file for STMicroelectronics.X-CUBE-NFC6.3.1.0
2024-05-21 10:32:53,192 [WARN] PackLoader:240 - Cannot read IP mode file for STMicroelectronics.X-CUBE-AI.9.0.0
2024-05-21 10:32:53,195 [WARN] PackLoader:240 - Cannot read IP mode file for STMicroelectronics.X-CUBE-NFC7.1.0.1
2024-05-21 10:32:53,207 [WARN] ConditionMgr:438 - getConditionDescription Invalid condition id : LAN8742 Phy interface Condition cause : null
2024-05-21 10:32:53,208 [WARN] PackLoader:240 - Cannot read IP mode file for STMicroelectronics.X-CUBE-AZRTOS-L4.2.0.0
2024-05-21 10:32:53,209 [WARN] ConditionMgr:1039 - genDependencies : Invalid condition id : LAN8742 Phy interface Condition cause : null
2024-05-21 10:32:53,209 [WARN] ConditionMgr:1039 - genDependencies : Invalid condition id : LAN8742 Phy interface Condition cause : null
2024-05-21 10:32:53,210 [WARN] ConditionMgr:1039 - genDependencies : Invalid condition id : LAN8742 Phy interface Condition cause : null
2024-05-21 10:32:53,215 [WARN] PackLoader:240 - Cannot read IP mode file for STMicroelectronics.X-CUBE-SFXS2LP1.4.0.0
2024-05-21 10:32:53,224 [WARN] ConditionMgr:438 - getConditionDescription Invalid condition id : UX DEVICE CLASS RTOS Condition cause : null
2024-05-21 10:32:53,224 [WARN] ConditionMgr:438 - getConditionDescription Invalid condition id : UX DEVICE CLASS RTOS Condition cause : null
2024-05-21 10:32:53,226 [WARN] PackLoader:240 - Cannot read IP mode file for STMicroelectronics.X-CUBE-AZRTOS-WB.2.0.0
2024-05-21 10:32:53,226 [WARN] ConditionMgr:1039 - genDependencies : Invalid condition id : UX DEVICE CLASS RTOS Condition cause : null
2024-05-21 10:32:53,226 [WARN] ConditionMgr:1039 - genDependencies : Invalid condition id : UX DEVICE CLASS RTOS Condition cause : null
2024-05-21 10:32:53,227 [WARN] ConditionMgr:1039 - genDependencies : Invalid condition id : UX DEVICE CLASS RTOS Condition cause : null
2024-05-21 10:32:53,227 [WARN] ConditionMgr:1039 - genDependencies : Invalid condition id : UX DEVICE CLASS RTOS Condition cause : null
2024-05-21 10:32:53,227 [WARN] ConditionMgr:1039 - genDependencies : Invalid condition id : UX DEVICE CLASS RTOS Condition cause : null
2024-05-21 10:32:53,233 [WARN] PackLoader:240 - Cannot read IP mode file for STMicroelectronics.X-CUBE-SUBG2.5.0.0
2024-05-21 10:32:53,246 [WARN] PackLoader:240 - Cannot read IP mode file for STMicroelectronics.X-CUBE-AZRTOS-G4.2.0.0
2024-05-21 10:32:53,249 [WARN] PackLoader:240 - Cannot read IP mode file for STMicroelectronics.X-CUBE-ISPU.2.0.0
2024-05-21 10:32:53,252 [WARN] PackLoader:240 - Cannot read IP mode file for STMicroelectronics.X-CUBE-ALS.1.0.2
2024-05-21 10:32:53,277 [WARN] PackLoader:240 - Cannot read IP mode file for STMicroelectronics.X-CUBE-MEMS1.10.0.0
2024-05-21 10:32:53,403 [WARN] PackLoader:240 - Cannot read IP mode file for portGmbH.I-Cube-SoM-uGOAL.1.1.0
2024-05-21 10:32:53,409 [WARN] PackLoader:240 - Cannot read IP mode file for STMicroelectronics.X-CUBE-ALS.1.0.1
2024-05-21 10:32:53,420 [WARN] PackLoader:240 - Cannot read IP mode file for STMicroelectronics.X-CUBE-AZRTOS-H7RS.1.0.0
2024-05-21 10:32:53,424 [WARN] PackLoader:240 - Cannot read IP mode file for STMicroelectronics.FP-ATR-ASTRA1.2.0.0
2024-05-21 10:32:53,432 [WARN] PackLoader:240 - Cannot read IP mode file for STMicroelectronics.X-CUBE-TOF1.3.4.1
2024-05-21 10:32:53,465 [WARN] PackLoader:240 - Cannot read IP mode file for STMicroelectronics.X-CUBE-AZRTOS-H7.3.2.0
2024-05-21 10:32:53,474 [WARN] PackLoader:240 - Cannot read IP mode file for Infineon.AIROC-Wi-Fi-Bluetooth-STM32.1.6.0
2024-05-21 10:32:53,480 [INFO] ThirdParty:978 - Integrity check success = true
2024-05-21 10:32:53,480 [INFO] IntegrityCheckThread:100 - exiting critical section [integrity check]
2024-05-21 10:32:53,480 [INFO] IntegrityCheckThread:103 - End integrity checks thread
2024-05-21 10:39:02,559 [INFO] Activator:176 - 


2024-05-21 10:39:02,563 [INFO] Activator:177 - !SESSION log4j initialized
2024-05-21 10:39:06,410 [INFO] LogOutputStream:77 - [STDOUT_REDIRECT] 
2024-05-21 10:39:07,052 [INFO] ApplicationProperties:184 - Using Application install path: /opt/st/stm32cubeide_1.15.1/plugins/com.st.stm32cube.common.mx_6.11.1.202404110753
2024-05-21 10:39:07,066 [INFO] DbMcusXml:78 - Set database path to: /opt/st/stm32cubeide_1.15.1/plugins/com.st.stm32cube.common.mx_6.11.1.202404110753//db//mcu/
2024-05-21 10:39:07,067 [INFO] ApiDb:274 - Set plugin database path to: /opt/st/stm32cubeide_1.15.1/plugins/com.st.stm32cube.common.mx_6.11.1.202404110753//db//plugins/boardmanager/
2024-05-21 10:39:07,067 [WARN] ApiDb:259 - Overriding images path with different value:  => /opt/st/stm32cubeide_1.15.1/plugins/com.st.stm32cube.common.mx_6.11.1.202404110753//db//plugins/mcufinder/images/
2024-05-21 10:39:07,070 [INFO] ApiDb:250 - Set database path to: /home/tjp/.stmcufinder/plugins/mcufinder//mcu/
2024-05-21 10:39:07,071 [INFO] DbMcusAds:125 - Set database path to: /home/tjp/.stmcufinder/plugins/mcufinder//mcu/
2024-05-21 10:39:07,073 [INFO] CrossReferenceDbSqlite:203 - Set database path to: /home/tjp/.stmcufinder/plugins/mcufinder//mcu/cs/
2024-05-21 10:39:07,164 [INFO] RulesReader:64 - Compatibility file has been processed (297 Rules)
2024-05-21 10:39:07,212 [INFO] DbMcusXml:78 - Set database path to: /opt/st/stm32cubeide_1.15.1/plugins/com.st.stm32cube.common.mx_6.11.1.202404110753//db//mcu/
2024-05-21 10:39:07,212 [INFO] ApiDb:274 - Set plugin database path to: /opt/st/stm32cubeide_1.15.1/plugins/com.st.stm32cube.common.mx_6.11.1.202404110753//db//plugins/boardmanager/
2024-05-21 10:39:07,212 [INFO] ApiDb:261 - Set plugin images path to: /opt/st/stm32cubeide_1.15.1/plugins/com.st.stm32cube.common.mx_6.11.1.202404110753//db//plugins/mcufinder/images/
2024-05-21 10:39:07,212 [WARN] DbFile:41 - Overriding database path with different value: /home/tjp/.stmcufinder/plugins/mcufinder/ => /home/tjp/.stmcufinder/plugins/mcufinder
2024-05-21 10:39:07,212 [INFO] ApiDb:250 - Set database path to: /home/tjp/.stmcufinder/plugins/mcufinder//mcu/
2024-05-21 10:39:07,213 [WARN] DbFile:41 - Overriding database path with different value: /home/tjp/.stmcufinder/plugins/mcufinder/ => /home/tjp/.stmcufinder/plugins/mcufinder
2024-05-21 10:39:07,213 [INFO] DbMcusAds:125 - Set database path to: /home/tjp/.stmcufinder/plugins/mcufinder//mcu/
2024-05-21 10:39:07,213 [WARN] DbFile:41 - Overriding database path with different value: /home/tjp/.stmcufinder/plugins/mcufinder/ => /home/tjp/.stmcufinder/plugins/mcufinder
2024-05-21 10:39:07,213 [WARN] DbFile:41 - Overriding database path with different value: /home/tjp/.stmcufinder/plugins/mcufinder/ => /home/tjp/.stmcufinder/plugins/mcufinder
2024-05-21 10:39:07,213 [INFO] CrossReferenceDbSqlite:203 - Set database path to: /home/tjp/.stmcufinder/plugins/mcufinder//mcu/cs/
2024-05-21 10:39:07,261 [INFO] MainPanel:264 - HeapMemory: 268435456
2024-05-21 10:39:07,331 [INFO] DbMcusXml:78 - Set database path to: /opt/st/stm32cubeide_1.15.1/plugins/com.st.stm32cube.common.mx_6.11.1.202404110753//db//mcu/
2024-05-21 10:39:07,331 [INFO] ApiDb:274 - Set plugin database path to: /opt/st/stm32cubeide_1.15.1/plugins/com.st.stm32cube.common.mx_6.11.1.202404110753//db//plugins/boardmanager/
2024-05-21 10:39:07,331 [INFO] ApiDb:261 - Set plugin images path to: /opt/st/stm32cubeide_1.15.1/plugins/com.st.stm32cube.common.mx_6.11.1.202404110753//db//plugins/mcufinder/images/
2024-05-21 10:39:07,331 [WARN] DbFile:41 - Overriding database path with different value: /home/tjp/.stmcufinder/plugins/mcufinder/ => /home/tjp/.stmcufinder/plugins/mcufinder
2024-05-21 10:39:07,332 [INFO] ApiDb:250 - Set database path to: /home/tjp/.stmcufinder/plugins/mcufinder//mcu/
2024-05-21 10:39:07,332 [WARN] DbFile:41 - Overriding database path with different value: /home/tjp/.stmcufinder/plugins/mcufinder/ => /home/tjp/.stmcufinder/plugins/mcufinder
2024-05-21 10:39:07,332 [INFO] DbMcusAds:125 - Set database path to: /home/tjp/.stmcufinder/plugins/mcufinder//mcu/
2024-05-21 10:39:07,332 [WARN] DbFile:41 - Overriding database path with different value: /home/tjp/.stmcufinder/plugins/mcufinder/ => /home/tjp/.stmcufinder/plugins/mcufinder
2024-05-21 10:39:07,332 [WARN] DbFile:41 - Overriding database path with different value: /home/tjp/.stmcufinder/plugins/mcufinder/ => /home/tjp/.stmcufinder/plugins/mcufinder
2024-05-21 10:39:07,332 [INFO] CrossReferenceDbSqlite:203 - Set database path to: /home/tjp/.stmcufinder/plugins/mcufinder//mcu/cs/
2024-05-21 10:39:07,345 [INFO] ApplicationProperties:184 - Using Application install path: /opt/st/stm32cubeide_1.15.1/plugins/com.st.stm32cube.common.mx_6.11.1.202404110753
2024-05-21 10:39:07,346 [INFO] PluginManage:196 - Search for loadable plugins [exclusion list=, ]
2024-05-21 10:39:07,347 [INFO] PluginManage:310 - Check plugin analytics
2024-05-21 10:39:07,506 [INFO] AnalyticsPlugin:253 - Accepted Software Licenses: 
2024-05-21 10:39:07,506 [INFO] AnalyticsPlugin:255 - Accepted CMSIS Pack Licenses: 
2024-05-21 10:39:07,506 [INFO] AnalyticsPlugin:257 - Accepted Firmware Licenses: FW.G0.1.6.0
2024-05-21 10:39:07,508 [INFO] PluginManage:359 - Loaded plugin analytics (category:tool,tabindex:-1)
2024-05-21 10:39:07,508 [INFO] PluginManage:310 - Check plugin cadmodel
2024-05-21 10:39:07,526 [INFO] CADModel:105 - Init CAD model plugin
2024-05-21 10:39:07,526 [INFO] PluginManage:359 - Loaded plugin cadmodel (category:power,tabindex:5)
2024-05-21 10:39:07,526 [INFO] PluginManage:310 - Check plugin clock
2024-05-21 10:39:07,532 [INFO] PluginManage:359 - Loaded plugin clock (category:base,tabindex:2)
2024-05-21 10:39:07,532 [INFO] PluginManage:310 - Check plugin ddr
2024-05-21 10:39:07,534 [INFO] PluginManage:359 - Loaded plugin ddr (category:tool,tabindex:6)
2024-05-21 10:39:07,534 [INFO] PluginManage:310 - Check plugin filemanager
2024-05-21 10:39:07,646 [INFO] PluginManage:359 - Loaded plugin filemanager (category:base,tabindex:10)
2024-05-21 10:39:07,646 [INFO] PluginManage:310 - Check plugin ipmanager
2024-05-21 10:39:07,650 [INFO] PluginManage:359 - Loaded plugin ipmanager (category:base,tabindex:5)
2024-05-21 10:39:07,651 [INFO] PluginManage:310 - Check plugin lpbam
2024-05-21 10:39:07,657 [INFO] PluginManage:359 - Loaded plugin lpbam (category:base,tabindex:0)
2024-05-21 10:39:07,657 [INFO] PluginManage:310 - Check plugin memorymap
2024-05-21 10:39:07,665 [INFO] PluginManage:359 - Loaded plugin memorymap (category:base,tabindex:4)
2024-05-21 10:39:07,666 [INFO] PluginManage:310 - Check plugin pinoutandconfiguration
2024-05-21 10:39:07,671 [INFO] PluginManage:359 - Loaded plugin pinoutandconfiguration (category:base,tabindex:1)
2024-05-21 10:39:07,671 [INFO] PluginManage:310 - Check plugin pinoutconfig
2024-05-21 10:39:07,741 [WARN] SupportedApi:132 - Cannot load RTOS API schema: s4s-elt-must-match.1: The content of 'definitions' must match (annotation?, (simpleType | complexType)?, (unique | key | keyref)*)). A problem was found starting at: attribute.
2024-05-21 10:39:07,847 [INFO] PluginManage:359 - Loaded plugin pinoutconfig (category:base,tabindex:0)
2024-05-21 10:39:07,847 [INFO] PluginManage:310 - Check plugin power
2024-05-21 10:39:07,853 [INFO] PluginManage:359 - Loaded plugin power (category:power,tabindex:4)
2024-05-21 10:39:07,853 [INFO] PluginManage:310 - Check plugin projectmanager
2024-05-21 10:39:07,865 [INFO] PluginManage:359 - Loaded plugin projectmanager (category:projectmanager,tabindex:3)
2024-05-21 10:39:07,865 [INFO] PluginManage:310 - Check plugin thirdparty
2024-05-21 10:39:07,951 [INFO] PluginManage:359 - Loaded plugin thirdparty (category:base,tabindex:-1)
2024-05-21 10:39:07,951 [WARN] IntegrityCheckThread:84 - waiting for thirdparty lock release [integrity check]
2024-05-21 10:39:07,951 [INFO] PluginManage:310 - Check plugin tools
2024-05-21 10:39:07,951 [INFO] IntegrityCheckThread:86 - entering critical section [integrity check]
2024-05-21 10:39:07,952 [INFO] ThirdPartyUpdaterWithRetryManager:70 - Updater plugin not ready yet. [1/15]
2024-05-21 10:39:07,952 [INFO] PluginManage:359 - Loaded plugin tools (category:base,tabindex:7)
2024-05-21 10:39:07,953 [INFO] PluginManage:310 - Check plugin tutovideos
2024-05-21 10:39:08,092 [INFO] PluginManage:359 - Loaded plugin tutovideos (category:base,tabindex:-1)
2024-05-21 10:39:08,093 [INFO] PluginManage:310 - Check plugin updater
2024-05-21 10:39:08,100 [INFO] PluginManage:359 - Loaded plugin updater (category:base,tabindex:12)
2024-05-21 10:39:08,100 [INFO] PluginManage:310 - Check plugin userauth
2024-05-21 10:39:08,104 [INFO] UserAuth:114 - Init User Auth plugin
2024-05-21 10:39:08,104 [INFO] PluginManage:359 - Loaded plugin userauth (category:base,tabindex:14)
2024-05-21 10:39:08,104 [INFO] PluginManage:283 - PluginManage : Loaded plugins [17]
2024-05-21 10:39:08,264 [INFO] PinOutPanel:1561 - setPackage(No Configuration,No Configuration)
2024-05-21 10:39:08,309 [INFO] CADModel:165 - CPN selected for project level
2024-05-21 10:39:08,309 [INFO] CADModel:114 - Register for checkConnection events
2024-05-21 10:39:08,319 [INFO] IPUIPlugin:80 - create IPUIPlugin
2024-05-21 10:39:08,319 [INFO] PluginManager:220 - loadIPPluginJar : add ipddr
2024-05-21 10:39:08,321 [INFO] IPUIPlugin:80 - create IPUIPlugin
2024-05-21 10:39:08,321 [INFO] PluginManager:220 - loadIPPluginJar : add hash
2024-05-21 10:39:08,326 [INFO] IPUIPlugin:80 - create IPUIPlugin
2024-05-21 10:39:08,326 [INFO] PluginManager:220 - loadIPPluginJar : add dma
2024-05-21 10:39:08,328 [INFO] IPUIPlugin:80 - create IPUIPlugin
2024-05-21 10:39:08,328 [INFO] PluginManager:220 - loadIPPluginJar : add aes
2024-05-21 10:39:08,335 [INFO] IPUIPlugin:80 - create IPUIPlugin
2024-05-21 10:39:08,335 [INFO] PluginManager:220 - loadIPPluginJar : add linkedlist
2024-05-21 10:39:08,336 [INFO] IPUIPlugin:80 - create IPUIPlugin
2024-05-21 10:39:08,337 [INFO] PluginManager:220 - loadIPPluginJar : add dfsdm
2024-05-21 10:39:08,338 [INFO] IPUIPlugin:80 - create IPUIPlugin
2024-05-21 10:39:08,339 [INFO] PluginManager:220 - loadIPPluginJar : add usart
2024-05-21 10:39:08,344 [INFO] IPUIPlugin:80 - create IPUIPlugin
2024-05-21 10:39:08,344 [INFO] PluginManager:220 - loadIPPluginJar : add adc
2024-05-21 10:39:08,346 [INFO] IPUIPlugin:80 - create IPUIPlugin
2024-05-21 10:39:08,346 [INFO] PluginManager:220 - loadIPPluginJar : add cryp
2024-05-21 10:39:08,349 [INFO] IPUIPlugin:80 - create IPUIPlugin
2024-05-21 10:39:08,349 [INFO] PluginManager:220 - loadIPPluginJar : add resmgrutility
2024-05-21 10:39:08,350 [INFO] IPUIPlugin:80 - create IPUIPlugin
2024-05-21 10:39:08,350 [INFO] PluginManager:220 - loadIPPluginJar : add dma3
2024-05-21 10:39:08,352 [INFO] IPUIPlugin:80 - create IPUIPlugin
2024-05-21 10:39:08,352 [INFO] PluginManager:220 - loadIPPluginJar : add gfxmmu
2024-05-21 10:39:08,355 [INFO] IPUIPlugin:80 - create IPUIPlugin
2024-05-21 10:39:08,356 [INFO] PluginManager:220 - loadIPPluginJar : add gic
2024-05-21 10:39:08,358 [INFO] IPUIPlugin:80 - create IPUIPlugin
2024-05-21 10:39:08,358 [INFO] PluginManager:220 - loadIPPluginJar : add usbx
2024-05-21 10:39:08,360 [INFO] IPUIPlugin:80 - create IPUIPlugin
2024-05-21 10:39:08,360 [INFO] PluginManager:220 - loadIPPluginJar : add i2c
2024-05-21 10:39:08,361 [INFO] IPUIPlugin:80 - create IPUIPlugin
2024-05-21 10:39:08,361 [INFO] PluginManager:220 - loadIPPluginJar : add ts
2024-05-21 10:39:08,362 [INFO] IPUIPlugin:80 - create IPUIPlugin
2024-05-21 10:39:08,363 [INFO] PluginManager:220 - loadIPPluginJar : add tim
2024-05-21 10:39:08,365 [INFO] IPUIPlugin:80 - create IPUIPlugin
2024-05-21 10:39:08,365 [INFO] PluginManager:220 - loadIPPluginJar : add touchsensing
2024-05-21 10:39:08,367 [INFO] IPUIPlugin:80 - create IPUIPlugin
2024-05-21 10:39:08,367 [INFO] PluginManager:220 - loadIPPluginJar : add ucpd
2024-05-21 10:39:08,368 [INFO] IPUIPlugin:80 - create IPUIPlugin
2024-05-21 10:39:08,368 [INFO] PluginManager:220 - loadIPPluginJar : add fatfs
2024-05-21 10:39:08,370 [INFO] IPUIPlugin:80 - create IPUIPlugin
2024-05-21 10:39:08,370 [INFO] PluginManager:220 - loadIPPluginJar : add sai
2024-05-21 10:39:08,372 [INFO] IPUIPlugin:80 - create IPUIPlugin
2024-05-21 10:39:08,372 [INFO] PluginManager:220 - loadIPPluginJar : add spi
2024-05-21 10:39:08,374 [INFO] IPUIPlugin:80 - create IPUIPlugin
2024-05-21 10:39:08,374 [INFO] PluginManager:220 - loadIPPluginJar : add opamp
2024-05-21 10:39:08,375 [INFO] IPUIPlugin:80 - create IPUIPlugin
2024-05-21 10:39:08,375 [INFO] PluginManager:220 - loadIPPluginJar : add comp
2024-05-21 10:39:08,377 [INFO] IPUIPlugin:80 - create IPUIPlugin
2024-05-21 10:39:08,377 [INFO] PluginManager:220 - loadIPPluginJar : add openamp
2024-05-21 10:39:08,379 [INFO] IPUIPlugin:80 - create IPUIPlugin
2024-05-21 10:39:08,379 [INFO] PluginManager:220 - loadIPPluginJar : add quadspi
2024-05-21 10:39:08,383 [INFO] IPUIPlugin:80 - create IPUIPlugin
2024-05-21 10:39:08,383 [INFO] PluginManager:220 - loadIPPluginJar : add freertos
2024-05-21 10:39:08,385 [INFO] IPUIPlugin:80 - create IPUIPlugin
2024-05-21 10:39:08,385 [INFO] PluginManager:220 - loadIPPluginJar : add can
2024-05-21 10:39:08,386 [INFO] IPUIPlugin:80 - create IPUIPlugin
2024-05-21 10:39:08,386 [INFO] PluginManager:220 - loadIPPluginJar : add tsc
2024-05-21 10:39:08,390 [INFO] IPUIPlugin:80 - create IPUIPlugin
2024-05-21 10:39:08,390 [INFO] PluginManager:220 - loadIPPluginJar : add mdma
2024-05-21 10:39:08,394 [INFO] IPUIPlugin:80 - create IPUIPlugin
2024-05-21 10:39:08,395 [INFO] PluginManager:220 - loadIPPluginJar : add stm32_wpan
2024-05-21 10:39:08,396 [INFO] IPUIPlugin:80 - create IPUIPlugin
2024-05-21 10:39:08,396 [INFO] PluginManager:220 - loadIPPluginJar : add gtzc
2024-05-21 10:39:08,398 [INFO] IPUIPlugin:80 - create IPUIPlugin
2024-05-21 10:39:08,398 [INFO] PluginManager:220 - loadIPPluginJar : add pdm2pcm
2024-05-21 10:39:08,401 [INFO] IPUIPlugin:80 - create IPUIPlugin
2024-05-21 10:39:08,402 [INFO] PluginManager:220 - loadIPPluginJar : add fmc
2024-05-21 10:39:08,403 [INFO] IPUIPlugin:80 - create IPUIPlugin
2024-05-21 10:39:08,403 [INFO] PluginManager:220 - loadIPPluginJar : add tracer_emb
2024-05-21 10:39:08,408 [INFO] IPUIPlugin:80 - create IPUIPlugin
2024-05-21 10:39:08,410 [INFO] PluginManager:220 - loadIPPluginJar : add plateformsettings
2024-05-21 10:39:08,412 [INFO] IPUIPlugin:80 - create IPUIPlugin
2024-05-21 10:39:08,412 [INFO] PluginManager:220 - loadIPPluginJar : add extmemmanager
2024-05-21 10:39:08,413 [INFO] IPUIPlugin:80 - create IPUIPlugin
2024-05-21 10:39:08,413 [INFO] PluginManager:220 - loadIPPluginJar : add ltdc
2024-05-21 10:39:08,415 [INFO] IPUIPlugin:80 - create IPUIPlugin
2024-05-21 10:39:08,415 [INFO] PluginManager:220 - loadIPPluginJar : add nvic
2024-05-21 10:39:08,417 [INFO] IPUIPlugin:80 - create IPUIPlugin
2024-05-21 10:39:08,417 [INFO] PluginManager:220 - loadIPPluginJar : add lorawan
2024-05-21 10:39:08,419 [INFO] IPUIPlugin:80 - create IPUIPlugin
2024-05-21 10:39:08,419 [INFO] PluginManager:220 - loadIPPluginJar : add i2s
2024-05-21 10:39:08,422 [INFO] IPUIPlugin:80 - create IPUIPlugin
2024-05-21 10:39:08,422 [INFO] PluginManager:220 - loadIPPluginJar : add gpio
2024-05-21 10:39:08,424 [INFO] IPUIPlugin:80 - create IPUIPlugin
2024-05-21 10:39:08,424 [INFO] PluginManager:220 - loadIPPluginJar : add i3c
2024-05-21 10:39:08,425 [INFO] IPUIPlugin:80 - create IPUIPlugin
2024-05-21 10:39:08,425 [INFO] PluginManager:220 - loadIPPluginJar : add genericplugin
2024-05-21 10:39:08,521 [INFO] CADModel:165 - CPN selected for project level
2024-05-21 10:39:08,521 [INFO] CADModel:114 - Register for checkConnection events
2024-05-21 10:39:08,522 [FATAL] Updater:308 - Updater called before beeing initialized
2024-05-21 10:39:08,522 [ERROR] CADModel:125 - Updater not yet initialized, retry later 
2024-05-21 10:39:08,626 [INFO] CADModel:165 - CPN selected for project level
2024-05-21 10:39:08,626 [INFO] CADModel:114 - Register for checkConnection events
2024-05-21 10:39:08,626 [FATAL] Updater:308 - Updater called before beeing initialized
2024-05-21 10:39:08,626 [ERROR] CADModel:125 - Updater not yet initialized, retry later 
2024-05-21 10:39:08,629 [FATAL] Updater:308 - Updater called before beeing initialized
2024-05-21 10:39:08,751 [FATAL] Updater:308 - Updater called before beeing initialized
2024-05-21 10:39:08,754 [INFO] DbMcusAds:53 - JSON generation date=Thu May 16 11:22:00 CEST 2024 (1715851320852)
2024-05-21 10:39:08,754 [FATAL] Updater:308 - Updater called before beeing initialized
2024-05-21 10:39:08,781 [WARN] DetailPanel:346 - Failed to get advertising image, set to default
2024-05-21 10:39:08,856 [FATAL] Updater:308 - Updater called before beeing initialized
2024-05-21 10:39:08,857 [FATAL] Updater:308 - Updater called before beeing initialized
2024-05-21 10:39:08,857 [FATAL] Updater:308 - Updater called before beeing initialized
2024-05-21 10:39:08,857 [WARN] DetailPanel:346 - Failed to get advertising image, set to default
2024-05-21 10:39:08,858 [FATAL] Updater:308 - Updater called before beeing initialized
2024-05-21 10:39:08,881 [ERROR] Updater:1120 - MainUpdater not yet initialized. External WinMGr cannot be set.
2024-05-21 10:39:08,882 [INFO] Updater:1056 - Updater Version found : 6.11.1
2024-05-21 10:39:08,894 [INFO] ApplicationProperties:184 - Using Application install path: /opt/st/stm32cubeide_1.15.1/plugins/com.st.stm32cube.common.mx_6.11.1.202404110753
2024-05-21 10:39:09,068 [INFO] MainUpdater:2873 - connection check result : 10
2024-05-21 10:39:09,068 [INFO] MainUpdater:290 - Updater Check For Update Now.
2024-05-21 10:39:09,068 [INFO] MicroXplorer:498 - Change Database Version : DB.6.0.111
2024-05-21 10:39:09,073 [INFO] McuFinderGlobals:63 - Set McuFinder mode to 2 (CubeIDE integrated)
2024-05-21 10:39:09,080 [INFO] UserAuth:415 - Internet connection configuration mode: 1
2024-05-21 10:39:09,092 [INFO] JxBrowserEngine:152 - Initiate JxBrowser Engine with user profile folder
2024-05-21 10:39:09,237 [INFO] CheckServerUpdateThread:120 - End of CheckServer Thread
2024-05-21 10:39:09,587 [INFO] WebApp:161 - Instantiating new browser for Auth
2024-05-21 10:39:09,956 [INFO] WebApp:779 - Register for checkConnection events
2024-05-21 10:39:09,956 [INFO] WebApp:414 - Apply proxy settings
2024-05-21 10:39:09,956 [INFO] WebApp:499 - Chromium requires no authentication
2024-05-21 10:39:09,961 [INFO] WebApp:442 - Direct internet connection detected
2024-05-21 10:39:10,064 [INFO] WebApp:192 - Starting web application
2024-05-21 10:39:10,064 [INFO] WebApp:544 - Web application path used /opt/st/stm32cubeide_1.15.1/plugins/com.st.stm32cube.common.mx_6.11.1.202404110753/db/plugins/mcufinder/reactClient1/index.html
2024-05-21 10:39:11,103 [WARN] PackLoader:240 - Cannot read IP mode file for STMicroelectronics.FP-SNS-MOTENVWB1.1.4.0
2024-05-21 10:39:11,109 [WARN] PackLoader:240 - Cannot read IP mode file for STMicroelectronics.X-CUBE-SMBUS.2.1.0
2024-05-21 10:39:11,112 [WARN] PackLoader:240 - Cannot read IP mode file for STMicroelectronics.X-CUBE-TOUCHGFX.4.23.2
2024-05-21 10:39:11,135 [WARN] PackLoader:240 - Cannot read IP mode file for STMicroelectronics.X-CUBE-AZRTOS-F7.1.1.0
2024-05-21 10:39:11,141 [WARN] PackLoader:240 - Cannot read IP mode file for STMicroelectronics.FP-SNS-FLIGHT1.5.0.2
2024-05-21 10:39:11,147 [WARN] PackLoader:240 - Cannot read IP mode file for STMicroelectronics.X-CUBE-DISPLAY.3.0.0
2024-05-21 10:39:11,156 [WARN] PackLoader:240 - Cannot read IP mode file for STMicroelectronics.X-CUBE-BLE1.7.0.0
2024-05-21 10:39:11,160 [WARN] PackLoader:240 - Cannot read IP mode file for emotas.I-CUBE-CANOPEN.1.3.0
2024-05-21 10:39:11,168 [WARN] PackLoader:240 - Cannot read IP mode file for STMicroelectronics.X-CUBE-BLEMGR.3.1.0
2024-05-21 10:39:11,173 [WARN] PackLoader:240 - Cannot read IP mode file for STMicroelectronics.FP-SNS-SMARTAG2.1.2.0
2024-05-21 10:39:11,181 [INFO] LogOutputStream:77 - [STDOUT_REDIRECT] 1 : Invalid condition id : UX_CORESTACK_Condition cause : null
2024-05-21 10:39:11,181 [INFO] LogOutputStream:77 - [STDOUT_REDIRECT] 1 : Invalid condition id : UX_CORESTACK_Condition cause : null
2024-05-21 10:39:11,181 [INFO] LogOutputStream:77 - [STDOUT_REDIRECT] 1 : Invalid condition id : UX_CORESTACK_Condition cause : null
2024-05-21 10:39:11,182 [INFO] LogOutputStream:77 - [STDOUT_REDIRECT] 1 : Invalid condition id : UX_CORESTACK_Condition cause : null
2024-05-21 10:39:11,182 [INFO] LogOutputStream:77 - [STDOUT_REDIRECT] 1 : Invalid condition id : UX_CORESTACK_Condition cause : null
2024-05-21 10:39:11,185 [WARN] PackLoader:240 - Cannot read IP mode file for STMicroelectronics.X-CUBE-AZRTOS-WL.2.0.0
2024-05-21 10:39:11,195 [WARN] PackLoader:240 - Cannot read IP mode file for STMicroelectronics.FP-SNS-MOTENV1.5.0.0
2024-05-21 10:39:11,205 [WARN] PackLoader:240 - Cannot read IP mode file for WES.I-CUBE-Cesium.1.3.0
2024-05-21 10:39:11,208 [WARN] PackLoader:240 - Cannot read IP mode file for STMicroelectronics.X-CUBE-BLE2.3.3.0
2024-05-21 10:39:11,212 [WARN] PackLoader:240 - Cannot read IP mode file for STMicroelectronics.X-CUBE-TCPP.4.1.0
2024-05-21 10:39:11,219 [WARN] PackLoader:240 - Cannot read IP mode file for STMicroelectronics.X-CUBE-ALGOBUILD.1.3.0
2024-05-21 10:39:11,231 [WARN] PackLoader:240 - Cannot read IP mode file for STMicroelectronics.X-CUBE-AZRTOS-G0.1.1.0
2024-05-21 10:39:11,238 [WARN] PackLoader:240 - Cannot read IP mode file for STMicroelectronics.X-CUBE-SAFEA1.1.2.2
2024-05-21 10:39:11,241 [WARN] PackLoader:240 - Cannot read IP mode file for STMicroelectronics.X-CUBE-NFC4.3.0.0
2024-05-21 10:39:11,244 [WARN] PackLoader:240 - Cannot read IP mode file for wolfSSL.I-CUBE-wolfSSL.5.7.0
2024-05-21 10:39:11,246 [WARN] PackLoader:240 - Cannot read IP mode file for STMicroelectronics.FP-ATR-SIGFOX1.3.2.0
2024-05-21 10:39:11,251 [WARN] PackLoader:240 - Cannot read IP mode file for STMicroelectronics.X-CUBE-EEPRMA1.5.1.0
2024-05-21 10:39:11,255 [WARN] PackLoader:240 - Cannot read IP mode file for ITTIA_DB.I-CUBE-ITTIADB.8.9.0
2024-05-21 10:39:11,278 [WARN] PackLoader:240 - Cannot read IP mode file for SEGGER.I-CUBE-embOS.1.3.1
2024-05-21 10:39:11,340 [WARN] PackLoader:240 - Cannot read IP mode file for STMicroelectronics.X-CUBE-ALGOBUILD.1.4.0
2024-05-21 10:39:11,346 [WARN] PackLoader:240 - Cannot read IP mode file for STMicroelectronics.X-CUBE-GNSS1.6.0.0
2024-05-21 10:39:11,358 [WARN] PackLoader:240 - Cannot read IP mode file for STMicroelectronics.X-CUBE-AZRTOS-F4.1.1.0
2024-05-21 10:39:11,364 [WARN] PackLoader:240 - Cannot read IP mode file for STMicroelectronics.X-CUBE-FREERTOS.1.2.0
2024-05-21 10:39:11,376 [WARN] PackLoader:240 - Cannot read IP mode file for STMicroelectronics.X-CUBE-AZRTOS-L5.2.0.0
2024-05-21 10:39:11,382 [WARN] PackLoader:240 - Cannot read IP mode file for STMicroelectronics.X-CUBE-NFC6.3.1.0
2024-05-21 10:39:11,386 [WARN] PackLoader:240 - Cannot read IP mode file for STMicroelectronics.X-CUBE-AI.9.0.0
2024-05-21 10:39:11,389 [WARN] PackLoader:240 - Cannot read IP mode file for STMicroelectronics.X-CUBE-NFC7.1.0.1
2024-05-21 10:39:11,403 [WARN] ConditionMgr:438 - getConditionDescription Invalid condition id : LAN8742 Phy interface Condition cause : null
2024-05-21 10:39:11,404 [WARN] PackLoader:240 - Cannot read IP mode file for STMicroelectronics.X-CUBE-AZRTOS-L4.2.0.0
2024-05-21 10:39:11,416 [WARN] ConditionMgr:1039 - genDependencies : Invalid condition id : LAN8742 Phy interface Condition cause : null
2024-05-21 10:39:11,416 [WARN] ConditionMgr:1039 - genDependencies : Invalid condition id : LAN8742 Phy interface Condition cause : null
2024-05-21 10:39:11,417 [WARN] ConditionMgr:1039 - genDependencies : Invalid condition id : LAN8742 Phy interface Condition cause : null
2024-05-21 10:39:11,437 [WARN] PackLoader:240 - Cannot read IP mode file for STMicroelectronics.X-CUBE-SFXS2LP1.4.0.0
2024-05-21 10:39:11,449 [WARN] ConditionMgr:438 - getConditionDescription Invalid condition id : UX DEVICE CLASS RTOS Condition cause : null
2024-05-21 10:39:11,449 [WARN] ConditionMgr:438 - getConditionDescription Invalid condition id : UX DEVICE CLASS RTOS Condition cause : null
2024-05-21 10:39:11,451 [WARN] PackLoader:240 - Cannot read IP mode file for STMicroelectronics.X-CUBE-AZRTOS-WB.2.0.0
2024-05-21 10:39:11,452 [WARN] ConditionMgr:1039 - genDependencies : Invalid condition id : UX DEVICE CLASS RTOS Condition cause : null
2024-05-21 10:39:11,452 [WARN] ConditionMgr:1039 - genDependencies : Invalid condition id : UX DEVICE CLASS RTOS Condition cause : null
2024-05-21 10:39:11,452 [WARN] ConditionMgr:1039 - genDependencies : Invalid condition id : UX DEVICE CLASS RTOS Condition cause : null
2024-05-21 10:39:11,453 [WARN] ConditionMgr:1039 - genDependencies : Invalid condition id : UX DEVICE CLASS RTOS Condition cause : null
2024-05-21 10:39:11,453 [WARN] ConditionMgr:1039 - genDependencies : Invalid condition id : UX DEVICE CLASS RTOS Condition cause : null
2024-05-21 10:39:11,462 [WARN] PackLoader:240 - Cannot read IP mode file for STMicroelectronics.X-CUBE-SUBG2.5.0.0
2024-05-21 10:39:11,484 [WARN] PackLoader:240 - Cannot read IP mode file for STMicroelectronics.X-CUBE-AZRTOS-G4.2.0.0
2024-05-21 10:39:11,488 [WARN] PackLoader:240 - Cannot read IP mode file for STMicroelectronics.X-CUBE-ISPU.2.0.0
2024-05-21 10:39:11,491 [WARN] PackLoader:240 - Cannot read IP mode file for STMicroelectronics.X-CUBE-ALS.1.0.2
2024-05-21 10:39:11,542 [WARN] PackLoader:240 - Cannot read IP mode file for STMicroelectronics.X-CUBE-MEMS1.10.0.0
2024-05-21 10:39:11,684 [WARN] PackLoader:240 - Cannot read IP mode file for portGmbH.I-Cube-SoM-uGOAL.1.1.0
2024-05-21 10:39:11,687 [WARN] PackLoader:240 - Cannot read IP mode file for STMicroelectronics.X-CUBE-ALS.1.0.1
2024-05-21 10:39:11,702 [WARN] PackLoader:240 - Cannot read IP mode file for STMicroelectronics.X-CUBE-AZRTOS-H7RS.1.0.0
2024-05-21 10:39:11,712 [WARN] PackLoader:240 - Cannot read IP mode file for STMicroelectronics.FP-ATR-ASTRA1.2.0.0
2024-05-21 10:39:11,726 [WARN] PackLoader:240 - Cannot read IP mode file for STMicroelectronics.X-CUBE-TOF1.3.4.1
2024-05-21 10:39:11,756 [WARN] PackLoader:240 - Cannot read IP mode file for STMicroelectronics.X-CUBE-AZRTOS-H7.3.2.0
2024-05-21 10:39:11,768 [WARN] PackLoader:240 - Cannot read IP mode file for Infineon.AIROC-Wi-Fi-Bluetooth-STM32.1.6.0
2024-05-21 10:39:11,772 [INFO] ThirdParty:978 - Integrity check success = true
2024-05-21 10:39:11,772 [INFO] IntegrityCheckThread:100 - exiting critical section [integrity check]
2024-05-21 10:39:11,772 [INFO] IntegrityCheckThread:103 - End integrity checks thread
2024-05-21 10:43:04,469 [INFO] McuFinderGlobals:63 - Set McuFinder mode to 2 (CubeIDE integrated)
2024-05-21 10:43:04,473 [INFO] MainUpdater:2873 - connection check result : 10
2024-05-21 10:43:04,474 [INFO] MainUpdater:2873 - connection check result : 10
2024-05-21 10:43:04,493 [INFO] MicroXplorer:468 - Change Database Path : 
2024-05-21 10:43:04,493 [INFO] MicroXplorer:498 - Change Database Version : DB.6.0.111
2024-05-21 10:43:04,498 [WARN] ThirdParty:871 - waiting for thirdparty lock release [close project]
2024-05-21 10:43:04,498 [INFO] ThirdParty:873 - entering critical section [close project]
2024-05-21 10:43:04,499 [INFO] ThirdParty:883 - exiting critical section [close project]
2024-05-21 10:43:04,500 [INFO] PinOutPanel:1561 - setPackage(No Configuration,No Configuration)
2024-05-21 10:43:04,504 [INFO] UtilMem:75 - Begin LoadConfig() Used Memory: 704081280 Bytes (1073741824)
2024-05-21 10:43:04,504 [INFO] MicroXplorer:468 - Change Database Path : 
2024-05-21 10:43:04,504 [INFO] MicroXplorer:498 - Change Database Version : DB.6.0.111
2024-05-21 10:43:04,504 [INFO] OpenFileManager:312 - Change cursor
2024-05-21 10:43:04,567 [INFO] Mcu:2021 - Initializing MCU STM32G070CBTx STM32G070CBTx STM32G070CBT6
2024-05-21 10:43:05,836 [INFO] Context:663 - Trying to add GPIOservice into a context  which must be forbidden
2024-05-21 10:43:06,400 [INFO] RtosManager:555 - Registered RTOS mode: class=CMSIS, group=RTOS, mode=CMSIS_V1, owner=FREERTOS
2024-05-21 10:43:06,400 [INFO] RtosManager:555 - Registered RTOS mode: class=CMSIS, group=RTOS2, mode=CMSIS_V2, owner=FREERTOS
2024-05-21 10:43:06,400 [INFO] RtosManager:555 - Registered RTOS mode: class=RTOS, group=Core, mode=CMSIS_V1, owner=FREERTOS
2024-05-21 10:43:06,400 [INFO] RtosManager:555 - Registered RTOS mode: class=RTOS, group=Core, mode=CMSIS_V2, owner=FREERTOS
2024-05-21 10:43:06,400 [WARN] ModelIntegratedComponent:184 - Missing modes for component STMicroelectronics:FreeRTOS:0.0.1:STMicroelectronics:RTOS:FreeRTOS:Core:::10.2.0:
2024-05-21 10:43:06,413 [WARN] ModelIntegratedComponent:63 - No mode defined for component null
2024-05-21 10:43:06,413 [WARN] ModelIntegratedComponent:63 - No mode defined for component null
2024-05-21 10:43:06,413 [WARN] ModelIntegratedComponent:63 - No mode defined for component null
2024-05-21 10:43:06,413 [WARN] ModelIntegratedComponent:63 - No mode defined for component null
2024-05-21 10:43:06,413 [WARN] ModelIntegratedComponent:63 - No mode defined for component null
2024-05-21 10:43:06,413 [WARN] ModelIntegratedComponent:63 - No mode defined for component null
2024-05-21 10:43:06,413 [WARN] ModelIntegratedComponent:63 - No mode defined for component null
2024-05-21 10:43:06,413 [WARN] ModelIntegratedComponent:63 - No mode defined for component null
2024-05-21 10:43:06,413 [WARN] ModelIntegratedComponent:63 - No mode defined for component null
2024-05-21 10:43:06,413 [WARN] ModelIntegratedComponent:63 - No mode defined for component null
2024-05-21 10:43:06,413 [WARN] ModelIntegratedComponent:63 - No mode defined for component null
2024-05-21 10:43:06,413 [WARN] ModelIntegratedComponent:63 - No mode defined for component null
2024-05-21 10:43:06,413 [WARN] ModelIntegratedComponent:63 - No mode defined for component null
2024-05-21 10:43:06,413 [WARN] ModelIntegratedComponent:63 - No mode defined for component null
2024-05-21 10:43:06,413 [WARN] ModelIntegratedComponent:63 - No mode defined for component null
2024-05-21 10:43:06,413 [WARN] ModelIntegratedComponent:63 - No mode defined for component null
2024-05-21 10:43:06,413 [WARN] ModelIntegratedComponent:63 - No mode defined for component null
2024-05-21 10:43:06,413 [WARN] ModelIntegratedComponent:63 - No mode defined for component null
2024-05-21 10:43:06,414 [WARN] ModelIntegratedComponent:63 - No mode defined for component null
2024-05-21 10:43:06,414 [WARN] ModelIntegratedComponent:63 - No mode defined for component null
2024-05-21 10:43:06,414 [WARN] ModelIntegratedComponent:63 - No mode defined for component null
2024-05-21 10:43:06,414 [WARN] ModelIntegratedComponent:63 - No mode defined for component null
2024-05-21 10:43:06,414 [WARN] ModelIntegratedComponent:63 - No mode defined for component null
2024-05-21 10:43:06,414 [WARN] ModelIntegratedComponent:63 - No mode defined for component null
2024-05-21 10:43:06,414 [WARN] ModelIntegratedComponent:63 - No mode defined for component null
2024-05-21 10:43:06,414 [WARN] ModelIntegratedComponent:63 - No mode defined for component null
2024-05-21 10:43:06,414 [WARN] ModelIntegratedComponent:63 - No mode defined for component null
2024-05-21 10:43:06,414 [WARN] ModelIntegratedComponent:63 - No mode defined for component null
2024-05-21 10:43:06,414 [WARN] ModelIntegratedComponent:63 - No mode defined for component null
2024-05-21 10:43:06,414 [WARN] ModelIntegratedComponent:63 - No mode defined for component null
2024-05-21 10:43:06,414 [WARN] ModelIntegratedComponent:63 - No mode defined for component null
2024-05-21 10:43:06,414 [WARN] ModelIntegratedComponent:63 - No mode defined for component null
2024-05-21 10:43:06,414 [WARN] ModelIntegratedComponent:63 - No mode defined for component null
2024-05-21 10:43:06,414 [WARN] ModelIntegratedComponent:63 - No mode defined for component null
2024-05-21 10:43:06,593 [INFO] ThirdPartyModel:298 - Start build external matchings
2024-05-21 10:43:06,864 [INFO] ThirdPartyModel:316 - End build external matchings
2024-05-21 10:43:06,879 [WARN] IP:2120 - FIFOMode not found: check if there is a RefParameter without a condition.
2024-05-21 10:43:06,879 [WARN] IP:2120 - TXFIFOThreshold not found: check if there is a RefParameter without a condition.
2024-05-21 10:43:06,879 [WARN] IP:2120 - RXFIFOThreshold not found: check if there is a RefParameter without a condition.
2024-05-21 10:43:06,879 [WARN] IP:2120 - AutoBaudRateEnableParam not found: check if there is a RefParameter without a condition.
2024-05-21 10:43:07,070 [INFO] ApiDb:581 - Connected to CubeFinder SQLite database (/home/tjp/.stmcufinder/plugins/mcufinder/mcu/cube-finder-db.db)
2024-05-21 10:43:07,122 [INFO] ApiDb:668 - CubeFinder database Data Model version=2.1
2024-05-21 10:43:07,123 [INFO] ApiDb:669 - CubeFinder database Configuration version=3.0.39
2024-05-21 10:43:07,123 [INFO] ApiDb:670 - CubeFinder database generation date=2024-04-15 (1713193726)
2024-05-21 10:43:07,123 [INFO] ApiDb:671 - CubeFinder database FW Pack versions=[FP-ATR-ASTRA1_V2.0.0, FP-SNS-FLIGHT1_V5.0.1, FP-SNS-FLIGHT1_V5.0.2, FP-SNS-MOTENV1_V4.3.1, FP-SNS-MOTENV1_V4.3.2, FP-SNS-MOTENVWB1_V1.3.1, FP-SNS-SMARTAG2_V1.2.0, STM32Cube_FW_C0_V1.1.0, STM32Cube_FW_F4_V1.28.0, STM32Cube_FW_F7_V1.17.0, STM32Cube_FW_G0_V1.6.2, STM32Cube_FW_G4_V1.5.2, STM32Cube_FW_H5_V0.5.1, STM32Cube_FW_H5_V1.1.1, STM32Cube_FW_H5_V1.2.0, STM32Cube_FW_H5_V1.2.0RC4, STM32Cube_FW_H7RS_V1.0.0, STM32Cube_FW_H7RS_V1.0.0RC4, STM32Cube_FW_H7_V1.11.0, STM32Cube_FW_L0_V1.12.2, STM32Cube_FW_L5_V1.5.1, STM32Cube_FW_U0_V1.0.0, STM32Cube_FW_U0_V1.0.0RC1, STM32Cube_FW_U5_V1.3.0RC4, STM32Cube_FW_U5_V1.5.0, STM32Cube_FW_U5_V1.5.0RC1, STM32Cube_FW_WBA_V1.0.0RC1, STM32Cube_FW_WBA_V1.2.0, STM32Cube_FW_WBA_V1.2.0RC2, STM32Cube_FW_WBA_V1.3.0, STM32Cube_FW_WBA_V1.3.0RC1, STM32Cube_FW_WB_V1.15.0RC1, STM32Cube_FW_WB_V1.16.0, STM32Cube_FW_WB_V1.16.0RC2, STM32Cube_FW_WB_V1.18.0, STM32Cube_FW_WB_V1.19.0, STM32Cube_FW_WL_V1.3.0, X-CUBE-ALGOBUILD_V1.3.0, X-CUBE-ALS_V1.0.1, X-CUBE-AZRTOS-F4_V1.1.0, X-CUBE-AZRTOS-F7_V1.1.0, X-CUBE-AZRTOS-G0_V1.1.0, X-CUBE-AZRTOS-G4_V2.0.0, X-CUBE-AZRTOS-H7_V3.2.0, X-CUBE-AZRTOS-L4_V1.0.0, X-CUBE-AZRTOS-L4_V2.0.0, X-CUBE-AZRTOS-L5_V1.1.0, X-CUBE-AZRTOS-WB_V2.0.0, X-CUBE-AZRTOS-WL_V2.0.0, X-CUBE-BLE1_V7.0.0, X-CUBE-BLE2_V3.3.0, X-CUBE-BLEMGR_V3.1.0, X-CUBE-EEPRMA1_V4.1.0, X-CUBE-EEPRMA1_V5.1.0, X-CUBE-FREERTOS_V1.1.0, X-CUBE-GNSS1_V6.0.0, X-CUBE-MEMS1_V10.0.0, X-CUBE-MEMS1_V9.1.0, X-CUBE-MEMS1_V9.4.0, X-CUBE-MEMS1_V9.6.0, X-CUBE-NFC4_V3.0.0, X-CUBE-NFC7_V1.0.1, X-CUBE-SFXS2LP1_V4.0.0, X-CUBE-SUBG2_V5.0.0, X-CUBE-TOF1_V3.4.0]
2024-05-21 10:43:07,175 [INFO] DbBoardsSqlite:226 - include board P-NUCLEO-WB55-NUCLEO as a kit item of type 'Nucleo-64'
2024-05-21 10:43:07,175 [INFO] DbBoardsSqlite:226 - include board P-NUCLEO-WB55-USBDONGLE as a kit item of type 'Nucleo USB Dongle'
2024-05-21 10:43:07,176 [INFO] DbBoardsSqlite:226 - include board STEVAL-IDP005V1 as a kit item of type 'Evaluation Board'
2024-05-21 10:43:07,176 [INFO] DbBoardsSqlite:226 - include board STEVAL-IDP005V2 as a kit item of type 'Evaluation Board'
2024-05-21 10:43:07,213 [INFO] ApiDb:240 - Found 483 in-development CPN: [B-G473E-ZEST1S, B-WB1M-WPAN1, B-WL5M-SUBG1, NUCLEO-C031C6, NUCLEO-H503RB, NUCLEO-H533RE, NUCLEO-H563ZI, NUCLEO-H7S3L8, NUCLEO-U031R8, NUCLEO-U083RC, NUCLEO-U545RE-Q, NUCLEO-U5A5ZJ-Q, NUCLEO-WBA52CG, NUCLEO-WBA55CG, STEVAL-PROTEUS1, STEVAL-SMARTAG2, STEVAL-STWINBX1, STM320518-EVAL, STM32C0116-DK, STM32C011D6Y3TR, STM32C011D6Y6TR, STM32C011F4P3, STM32C011F4P6, STM32C011F4U3, STM32C011F4U6TR, STM32C011F6P3, STM32C011F6P6, STM32C011F6U3, STM32C011F6U6TR, STM32C011J4M3, STM32C011J4M6, STM32C011J6M3, STM32C011J6M6, STM32C0316-DK, STM32C031C4T3, STM32C031C4T6, STM32C031C4U3, STM32C031C4U6, STM32C031C6T3, STM32C031C6T6, STM32C031C6U3, STM32C031C6U6, STM32C031F4P3, STM32C031F4P6, STM32C031F6P3, STM32C031F6P6, STM32C031G4U3, STM32C031G4U6, STM32C031G6U3, STM32C031G6U6, STM32C031K4T3, STM32C031K4T6, STM32C031K4U3, STM32C031K4U6, STM32C031K6T3, STM32C031K6T6, STM32C031K6U3, STM32C031K6U6, STM32G071K8TXN, STM32G071K8UXN, STM32G081GBU6N, STM32G081KBT6N, STM32G081KBUXN, STM32G0B1CCT6N, STM32G0B1KCT6, STM32G0B1NEY6TR, STM32G0B1RCT6N, STM32G0C1CCT6, STM32G0C1CCT6N, STM32G0C1CCU6N, STM32G0C1CET6N, STM32G0C1CEU6N, STM32G0C1KCT6, STM32G0C1NEY6TR, STM32G0C1RCI6N, STM32G0C1RCT6N, STM32G0C1REI6N, STM32G0C1RET6N, STM32G0C1VCI6, STM32G0C1VEI6, STM32G471CCT6, STM32G471CCU6, STM32G471CET3, STM32G471CET6, STM32G471CEU3, STM32G471CEU6, STM32G471MCT6, STM32G471MET3, STM32G471MET6, STM32G471MEY6TR, STM32G471QCT6, STM32G471QET3, STM32G471RCT6, STM32G471RET3, STM32G471RET6, STM32G471VCH6, STM32G471VCI6, STM32G471VCT6, STM32G471VEH3, STM32G471VEH6, STM32G471VEI3, STM32G471VEI6, STM32G471VET3, STM32G471VET6, STM32G474CCT6, STM32H503CBT6, STM32H503CBU6, STM32H503EBY6TR, STM32H503KBU6, STM32H503RBT6, STM32H523CCT6, STM32H523CCU6, STM32H523CET6, STM32H523CEU6, STM32H523HEY6TR, STM32H523RCT6, STM32H523RET6, STM32H523VCI6, STM32H523VCT6, STM32H523VEI6, STM32H523VET6, STM32H523ZCJ6, STM32H523ZCT6, STM32H523ZEJ6, STM32H523ZET6, STM32H533CET6, STM32H533CEU6, STM32H533HEY6TR, STM32H533RET6, STM32H533VEI6, STM32H533VET6, STM32H533ZEJ6, STM32H533ZET6, STM32H562AGI6, STM32H562AII6, STM32H562IGK6, STM32H562IGT6, STM32H562IIK6, STM32H562IIT6, STM32H562RGT6, STM32H562RGV6, STM32H562RIT6, STM32H562RIV6, STM32H562VGT6, STM32H562VIT6, STM32H562ZGT6, STM32H562ZIT6, STM32H563AGI6, STM32H563AII3Q, STM32H563AII6, STM32H563IGK6, STM32H563IGT6, STM32H563IIK3Q, STM32H563IIK6, STM32H563IIT3Q, STM32H563IIT6, STM32H563MIY3QTR, STM32H563RGT6, STM32H563RGV6, STM32H563RIT6, STM32H563RIV6, STM32H563VGT6, STM32H563VIT3Q, STM32H563VIT6, STM32H563ZGT6, STM32H563ZIT3Q, STM32H563ZIT6, STM32H573AII3Q, STM32H573AII6, STM32H573I-DK, STM32H573IIK3Q, STM32H573IIK6, STM32H573IIT3Q, STM32H573IIT6, STM32H573MIY3QTR, STM32H573RIT6, STM32H573RIV6, STM32H573VIT3Q, STM32H573VIT6, STM32H573ZIT3Q, STM32H573ZIT6, STM32H7R3A8I6, STM32H7R3I8K6, STM32H7R3I8T6, STM32H7R3L8H6, STM32H7R3L8H6H, STM32H7R3R8V6, STM32H7R3V8H6, STM32H7R3V8T6, STM32H7R3V8Y6, STM32H7R3Z8J6, STM32H7R3Z8T6, STM32H7R7A8I6, STM32H7R7I8K6, STM32H7R7I8T6, STM32H7R7L8H6, STM32H7R7L8H6H, STM32H7R7Z8J6, STM32H7S3A8I6, STM32H7S3I8K6, STM32H7S3I8T6, STM32H7S3L8H6, STM32H7S3L8H6H, STM32H7S3R8V6, STM32H7S3V8H6, STM32H7S3V8T6, STM32H7S3V8Y6, STM32H7S3Z8J6, STM32H7S3Z8T6, STM32H7S78-DK, STM32H7S7A8I6, STM32H7S7I8K6, STM32H7S7I8T6, STM32H7S7L8H6, STM32H7S7L8H6H, STM32H7S7Z8J6, STM32L4R5QGI6STR, STM32MP131AAE3, STM32MP131AAF3, STM32MP131AAG3, STM32MP131CAE3, STM32MP131CAF3, STM32MP131CAG3, STM32MP131DAE7, STM32MP131DAF7, STM32MP131DAG7, STM32MP131FAE7, STM32MP131FAF7, STM32MP131FAG7, STM32MP133AAE3, STM32MP133AAF3, STM32MP133AAG3, STM32MP133CAE3, STM32MP133CAF3, STM32MP133CAG3, STM32MP133DAE7, STM32MP133DAF7, STM32MP133DAG7, STM32MP133FAE7, STM32MP133FAF7, STM32MP133FAG7, STM32MP135AAE3, STM32MP135AAF3, STM32MP135AAG3, STM32MP135CAE3, STM32MP135CAF3, STM32MP135CAG3, STM32MP135DAE7, STM32MP135DAF7, STM32MP135DAG7, STM32MP135F-DK, STM32MP135FAE7, STM32MP135FAF7, STM32MP135FAF7T, STM32MP135FAF7U, STM32MP135FAG7, STM32U031C6T6, STM32U031C6U6, STM32U031C8T6, STM32U031C8U6, STM32U031F4P6, STM32U031F6P6, STM32U031F8P6, STM32U031G6Y6TR, STM32U031G8Y6TR, STM32U031K4U6, STM32U031K6U6, STM32U031K8U6, STM32U031R6I6, STM32U031R6T6, STM32U031R8I6, STM32U031R8T6, STM32U073C8T6, STM32U073C8U6, STM32U073CBT6, STM32U073CBU6, STM32U073CCT6, STM32U073CCU6, STM32U073H8Y6TR, STM32U073HBY6TR, STM32U073HCY6TR, STM32U073K8U6, STM32U073KBU6, STM32U073KCU6, STM32U073M8I6, STM32U073M8T6, STM32U073MBI6, STM32U073MBT6, STM32U073MCI6, STM32U073MCT6, STM32U073R8I6, STM32U073R8T6, STM32U073RBI6, STM32U073RBT6, STM32U073RCI6, STM32U073RCT6, STM32U083C-DK, STM32U083CCT6, STM32U083CCU6, STM32U083HCY6TR, STM32U083KCU6, STM32U083MCI6, STM32U083MCT6, STM32U083RCI6, STM32U083RCT6, STM32U535CBT6, STM32U535CBT6Q, STM32U535CBU6, STM32U535CBU6Q, STM32U535CCT6, STM32U535CCT6Q, STM32U535CCU6, STM32U535CCU6Q, STM32U535CET6, STM32U535CET6Q, STM32U535CEU6, STM32U535CEU6Q, STM32U535JEY6QTR, STM32U535NCY6QTR, STM32U535NEY6QTR, STM32U535RBI6, STM32U535RBI6Q, STM32U535RBT6, STM32U535RBT6Q, STM32U535RCI6, STM32U535RCI6Q, STM32U535RCT6, STM32U535RCT6Q, STM32U535REI6, STM32U535REI6Q, STM32U535RET6, STM32U535RET6Q, STM32U535VCI6, STM32U535VCI6Q, STM32U535VCT6, STM32U535VCT6Q, STM32U535VEI6, STM32U535VEI6Q, STM32U535VET6, STM32U535VET6Q, STM32U545CET6, STM32U545CET6Q, STM32U545CEU6, STM32U545CEU6Q, STM32U545JEY6QTR, STM32U545NEY6QTR, STM32U545REI6, STM32U545REI6Q, STM32U545RET6, STM32U545RET6Q, STM32U545VEI6, STM32U545VEI6Q, STM32U545VET6, STM32U545VET6Q, STM32U595AIH6, STM32U595AIH6Q, STM32U595AJH6, STM32U595AJH6Q, STM32U595QII6, STM32U595QII6Q, STM32U595QJI6, STM32U595QJI6Q, STM32U595RIT6, STM32U595RIT6Q, STM32U595RJT6, STM32U595RJT6Q, STM32U595VIT6, STM32U595VIT6Q, STM32U595VJT6, STM32U595VJT6Q, STM32U595ZIT6, STM32U595ZIT6Q, STM32U595ZIY6QTR, STM32U595ZJT6, STM32U595ZJT6Q, STM32U595ZJY6QTR, STM32U599BJY6QTR, STM32U599NIH6Q, STM32U599NJH6Q, STM32U599VIT6Q, STM32U599VJT6, STM32U599VJT6Q, STM32U599ZIT6Q, STM32U599ZIY6QTR, STM32U599ZJT6Q, STM32U599ZJY6QTR, STM32U5A5AJH6, STM32U5A5AJH6Q, STM32U5A5QII3Q , STM32U5A5QJI6, STM32U5A5QJI6Q, STM32U5A5RJT6, STM32U5A5RJT6Q, STM32U5A5VJT6, STM32U5A5VJT6Q, STM32U5A5ZJT6, STM32U5A5ZJT6Q, STM32U5A5ZJY6QTR, STM32U5A9BJY6QTR, STM32U5A9J-DK, STM32U5A9NJH6Q, STM32U5A9VJT6Q, STM32U5A9ZJT6Q, STM32U5A9ZJY6QTR, STM32U5F7VIT6, STM32U5F7VIT6Q, STM32U5F7VJT6, STM32U5F7VJT6Q, STM32U5F9BJY6QTR, STM32U5F9NJH6Q, STM32U5F9VIT6Q, STM32U5F9VJT6Q, STM32U5F9ZIJ6QTR, STM32U5F9ZIT6Q, STM32U5F9ZJJ6QTR, STM32U5F9ZJT6Q, STM32U5G7VJT6, STM32U5G7VJT6Q, STM32U5G9BJY6QTR, STM32U5G9J-DK1, STM32U5G9J-DK2, STM32U5G9NJH6Q, STM32U5G9VJT6Q, STM32U5G9ZJJ6QTR, STM32U5G9ZJT6Q, STM32WB1MMCH6, STM32WBA50KEU6, STM32WBA50KEU6TR, STM32WBA50KGU6, STM32WBA50KGU6TR, STM32WBA52CEU6, STM32WBA52CEU6TR, STM32WBA52CEU7, STM32WBA52CEU7TR, STM32WBA52CGU6, STM32WBA52CGU6TR, STM32WBA52CGU6U, STM32WBA52CGU7, STM32WBA52CGU7TR, STM32WBA52KEU6, STM32WBA52KEU6TR, STM32WBA52KGU6, STM32WBA52KGU6TR, STM32WBA54CEU6, STM32WBA54CEU6TR, STM32WBA54CEU7, STM32WBA54CEU7TR, STM32WBA54CGU6, STM32WBA54CGU6TR, STM32WBA54CGU7, STM32WBA54CGU7TR, STM32WBA54KEU6, STM32WBA54KEU6TR, STM32WBA54KEU7, STM32WBA54KEU7TR, STM32WBA54KGU6, STM32WBA54KGU6TR, STM32WBA54KGU7, STM32WBA54KGU7TR, STM32WBA55CEU6, STM32WBA55CEU6TR, STM32WBA55CEU7, STM32WBA55CEU7TR, STM32WBA55CGU6, STM32WBA55CGU6TR, STM32WBA55CGU6U, STM32WBA55CGU7, STM32WBA55CGU7TR, STM32WBA55G-DK1, STM32WBA55HEF6, STM32WBA55HEF7, STM32WBA55HGF6, STM32WBA55HGF7, STM32WBA55UEI6, STM32WBA55UEI6TR, STM32WBA55UEI7, STM32WBA55UEI7TR, STM32WBA55UGI6, STM32WBA55UGI6TR, STM32WBA55UGI7, STM32WBA55UGI7TR, STM32WL5MOCH6, STM32WL5MOCH6TR]
2024-05-21 10:43:07,288 [INFO] BoardInfo:889 - No configuration file found for board P-NUCLEO-WB55
2024-05-21 10:43:07,288 [INFO] DbBoards:161 - Kit is not supported: P-NUCLEO-WB55
2024-05-21 10:43:07,291 [INFO] BoardInfo:889 - No configuration file found for board STEVAL-BFA001V1B
2024-05-21 10:43:07,291 [INFO] DbBoards:161 - Kit is not supported: STEVAL-BFA001V1B
2024-05-21 10:43:07,292 [INFO] BoardInfo:889 - No configuration file found for board STEVAL-BFA001V2B
2024-05-21 10:43:07,292 [INFO] DbBoards:161 - Kit is not supported: STEVAL-BFA001V2B
2024-05-21 10:43:07,376 [INFO] DbBoards:168 - Found 199 boards, 196 are supported
2024-05-21 10:43:07,377 [INFO] DbBoards:169 - Found 199 boards, 8 of them is supported for  Bsp
2024-05-21 10:43:07,379 [INFO] ApiDb:668 - CubeFinder database Data Model version=2.1
2024-05-21 10:43:07,379 [INFO] ApiDb:669 - CubeFinder database Configuration version=3.0.39
2024-05-21 10:43:07,379 [INFO] ApiDb:670 - CubeFinder database generation date=2024-04-15 (1713193726)
2024-05-21 10:43:07,379 [INFO] ApiDb:671 - CubeFinder database FW Pack versions=[FP-ATR-ASTRA1_V2.0.0, FP-SNS-FLIGHT1_V5.0.1, FP-SNS-FLIGHT1_V5.0.2, FP-SNS-MOTENV1_V4.3.1, FP-SNS-MOTENV1_V4.3.2, FP-SNS-MOTENVWB1_V1.3.1, FP-SNS-SMARTAG2_V1.2.0, STM32Cube_FW_C0_V1.1.0, STM32Cube_FW_F4_V1.28.0, STM32Cube_FW_F7_V1.17.0, STM32Cube_FW_G0_V1.6.2, STM32Cube_FW_G4_V1.5.2, STM32Cube_FW_H5_V0.5.1, STM32Cube_FW_H5_V1.1.1, STM32Cube_FW_H5_V1.2.0, STM32Cube_FW_H5_V1.2.0RC4, STM32Cube_FW_H7RS_V1.0.0, STM32Cube_FW_H7RS_V1.0.0RC4, STM32Cube_FW_H7_V1.11.0, STM32Cube_FW_L0_V1.12.2, STM32Cube_FW_L5_V1.5.1, STM32Cube_FW_U0_V1.0.0, STM32Cube_FW_U0_V1.0.0RC1, STM32Cube_FW_U5_V1.3.0RC4, STM32Cube_FW_U5_V1.5.0, STM32Cube_FW_U5_V1.5.0RC1, STM32Cube_FW_WBA_V1.0.0RC1, STM32Cube_FW_WBA_V1.2.0, STM32Cube_FW_WBA_V1.2.0RC2, STM32Cube_FW_WBA_V1.3.0, STM32Cube_FW_WBA_V1.3.0RC1, STM32Cube_FW_WB_V1.15.0RC1, STM32Cube_FW_WB_V1.16.0, STM32Cube_FW_WB_V1.16.0RC2, STM32Cube_FW_WB_V1.18.0, STM32Cube_FW_WB_V1.19.0, STM32Cube_FW_WL_V1.3.0, X-CUBE-ALGOBUILD_V1.3.0, X-CUBE-ALS_V1.0.1, X-CUBE-AZRTOS-F4_V1.1.0, X-CUBE-AZRTOS-F7_V1.1.0, X-CUBE-AZRTOS-G0_V1.1.0, X-CUBE-AZRTOS-G4_V2.0.0, X-CUBE-AZRTOS-H7_V3.2.0, X-CUBE-AZRTOS-L4_V1.0.0, X-CUBE-AZRTOS-L4_V2.0.0, X-CUBE-AZRTOS-L5_V1.1.0, X-CUBE-AZRTOS-WB_V2.0.0, X-CUBE-AZRTOS-WL_V2.0.0, X-CUBE-BLE1_V7.0.0, X-CUBE-BLE2_V3.3.0, X-CUBE-BLEMGR_V3.1.0, X-CUBE-EEPRMA1_V4.1.0, X-CUBE-EEPRMA1_V5.1.0, X-CUBE-FREERTOS_V1.1.0, X-CUBE-GNSS1_V6.0.0, X-CUBE-MEMS1_V10.0.0, X-CUBE-MEMS1_V9.1.0, X-CUBE-MEMS1_V9.4.0, X-CUBE-MEMS1_V9.6.0, X-CUBE-NFC4_V3.0.0, X-CUBE-NFC7_V1.0.1, X-CUBE-SFXS2LP1_V4.0.0, X-CUBE-SUBG2_V5.0.0, X-CUBE-TOF1_V3.4.0]
2024-05-21 10:43:09,462 [INFO] ApiDb:240 - Found 483 in-development CPN: [B-G473E-ZEST1S, B-WB1M-WPAN1, B-WL5M-SUBG1, NUCLEO-C031C6, NUCLEO-H503RB, NUCLEO-H533RE, NUCLEO-H563ZI, NUCLEO-H7S3L8, NUCLEO-U031R8, NUCLEO-U083RC, NUCLEO-U545RE-Q, NUCLEO-U5A5ZJ-Q, NUCLEO-WBA52CG, NUCLEO-WBA55CG, STEVAL-PROTEUS1, STEVAL-SMARTAG2, STEVAL-STWINBX1, STM320518-EVAL, STM32C0116-DK, STM32C011D6Y3TR, STM32C011D6Y6TR, STM32C011F4P3, STM32C011F4P6, STM32C011F4U3, STM32C011F4U6TR, STM32C011F6P3, STM32C011F6P6, STM32C011F6U3, STM32C011F6U6TR, STM32C011J4M3, STM32C011J4M6, STM32C011J6M3, STM32C011J6M6, STM32C0316-DK, STM32C031C4T3, STM32C031C4T6, STM32C031C4U3, STM32C031C4U6, STM32C031C6T3, STM32C031C6T6, STM32C031C6U3, STM32C031C6U6, STM32C031F4P3, STM32C031F4P6, STM32C031F6P3, STM32C031F6P6, STM32C031G4U3, STM32C031G4U6, STM32C031G6U3, STM32C031G6U6, STM32C031K4T3, STM32C031K4T6, STM32C031K4U3, STM32C031K4U6, STM32C031K6T3, STM32C031K6T6, STM32C031K6U3, STM32C031K6U6, STM32G071K8TXN, STM32G071K8UXN, STM32G081GBU6N, STM32G081KBT6N, STM32G081KBUXN, STM32G0B1CCT6N, STM32G0B1KCT6, STM32G0B1NEY6TR, STM32G0B1RCT6N, STM32G0C1CCT6, STM32G0C1CCT6N, STM32G0C1CCU6N, STM32G0C1CET6N, STM32G0C1CEU6N, STM32G0C1KCT6, STM32G0C1NEY6TR, STM32G0C1RCI6N, STM32G0C1RCT6N, STM32G0C1REI6N, STM32G0C1RET6N, STM32G0C1VCI6, STM32G0C1VEI6, STM32G471CCT6, STM32G471CCU6, STM32G471CET3, STM32G471CET6, STM32G471CEU3, STM32G471CEU6, STM32G471MCT6, STM32G471MET3, STM32G471MET6, STM32G471MEY6TR, STM32G471QCT6, STM32G471QET3, STM32G471RCT6, STM32G471RET3, STM32G471RET6, STM32G471VCH6, STM32G471VCI6, STM32G471VCT6, STM32G471VEH3, STM32G471VEH6, STM32G471VEI3, STM32G471VEI6, STM32G471VET3, STM32G471VET6, STM32G474CCT6, STM32H503CBT6, STM32H503CBU6, STM32H503EBY6TR, STM32H503KBU6, STM32H503RBT6, STM32H523CCT6, STM32H523CCU6, STM32H523CET6, STM32H523CEU6, STM32H523HEY6TR, STM32H523RCT6, STM32H523RET6, STM32H523VCI6, STM32H523VCT6, STM32H523VEI6, STM32H523VET6, STM32H523ZCJ6, STM32H523ZCT6, STM32H523ZEJ6, STM32H523ZET6, STM32H533CET6, STM32H533CEU6, STM32H533HEY6TR, STM32H533RET6, STM32H533VEI6, STM32H533VET6, STM32H533ZEJ6, STM32H533ZET6, STM32H562AGI6, STM32H562AII6, STM32H562IGK6, STM32H562IGT6, STM32H562IIK6, STM32H562IIT6, STM32H562RGT6, STM32H562RGV6, STM32H562RIT6, STM32H562RIV6, STM32H562VGT6, STM32H562VIT6, STM32H562ZGT6, STM32H562ZIT6, STM32H563AGI6, STM32H563AII3Q, STM32H563AII6, STM32H563IGK6, STM32H563IGT6, STM32H563IIK3Q, STM32H563IIK6, STM32H563IIT3Q, STM32H563IIT6, STM32H563MIY3QTR, STM32H563RGT6, STM32H563RGV6, STM32H563RIT6, STM32H563RIV6, STM32H563VGT6, STM32H563VIT3Q, STM32H563VIT6, STM32H563ZGT6, STM32H563ZIT3Q, STM32H563ZIT6, STM32H573AII3Q, STM32H573AII6, STM32H573I-DK, STM32H573IIK3Q, STM32H573IIK6, STM32H573IIT3Q, STM32H573IIT6, STM32H573MIY3QTR, STM32H573RIT6, STM32H573RIV6, STM32H573VIT3Q, STM32H573VIT6, STM32H573ZIT3Q, STM32H573ZIT6, STM32H7R3A8I6, STM32H7R3I8K6, STM32H7R3I8T6, STM32H7R3L8H6, STM32H7R3L8H6H, STM32H7R3R8V6, STM32H7R3V8H6, STM32H7R3V8T6, STM32H7R3V8Y6, STM32H7R3Z8J6, STM32H7R3Z8T6, STM32H7R7A8I6, STM32H7R7I8K6, STM32H7R7I8T6, STM32H7R7L8H6, STM32H7R7L8H6H, STM32H7R7Z8J6, STM32H7S3A8I6, STM32H7S3I8K6, STM32H7S3I8T6, STM32H7S3L8H6, STM32H7S3L8H6H, STM32H7S3R8V6, STM32H7S3V8H6, STM32H7S3V8T6, STM32H7S3V8Y6, STM32H7S3Z8J6, STM32H7S3Z8T6, STM32H7S78-DK, STM32H7S7A8I6, STM32H7S7I8K6, STM32H7S7I8T6, STM32H7S7L8H6, STM32H7S7L8H6H, STM32H7S7Z8J6, STM32L4R5QGI6STR, STM32MP131AAE3, STM32MP131AAF3, STM32MP131AAG3, STM32MP131CAE3, STM32MP131CAF3, STM32MP131CAG3, STM32MP131DAE7, STM32MP131DAF7, STM32MP131DAG7, STM32MP131FAE7, STM32MP131FAF7, STM32MP131FAG7, STM32MP133AAE3, STM32MP133AAF3, STM32MP133AAG3, STM32MP133CAE3, STM32MP133CAF3, STM32MP133CAG3, STM32MP133DAE7, STM32MP133DAF7, STM32MP133DAG7, STM32MP133FAE7, STM32MP133FAF7, STM32MP133FAG7, STM32MP135AAE3, STM32MP135AAF3, STM32MP135AAG3, STM32MP135CAE3, STM32MP135CAF3, STM32MP135CAG3, STM32MP135DAE7, STM32MP135DAF7, STM32MP135DAG7, STM32MP135F-DK, STM32MP135FAE7, STM32MP135FAF7, STM32MP135FAF7T, STM32MP135FAF7U, STM32MP135FAG7, STM32U031C6T6, STM32U031C6U6, STM32U031C8T6, STM32U031C8U6, STM32U031F4P6, STM32U031F6P6, STM32U031F8P6, STM32U031G6Y6TR, STM32U031G8Y6TR, STM32U031K4U6, STM32U031K6U6, STM32U031K8U6, STM32U031R6I6, STM32U031R6T6, STM32U031R8I6, STM32U031R8T6, STM32U073C8T6, STM32U073C8U6, STM32U073CBT6, STM32U073CBU6, STM32U073CCT6, STM32U073CCU6, STM32U073H8Y6TR, STM32U073HBY6TR, STM32U073HCY6TR, STM32U073K8U6, STM32U073KBU6, STM32U073KCU6, STM32U073M8I6, STM32U073M8T6, STM32U073MBI6, STM32U073MBT6, STM32U073MCI6, STM32U073MCT6, STM32U073R8I6, STM32U073R8T6, STM32U073RBI6, STM32U073RBT6, STM32U073RCI6, STM32U073RCT6, STM32U083C-DK, STM32U083CCT6, STM32U083CCU6, STM32U083HCY6TR, STM32U083KCU6, STM32U083MCI6, STM32U083MCT6, STM32U083RCI6, STM32U083RCT6, STM32U535CBT6, STM32U535CBT6Q, STM32U535CBU6, STM32U535CBU6Q, STM32U535CCT6, STM32U535CCT6Q, STM32U535CCU6, STM32U535CCU6Q, STM32U535CET6, STM32U535CET6Q, STM32U535CEU6, STM32U535CEU6Q, STM32U535JEY6QTR, STM32U535NCY6QTR, STM32U535NEY6QTR, STM32U535RBI6, STM32U535RBI6Q, STM32U535RBT6, STM32U535RBT6Q, STM32U535RCI6, STM32U535RCI6Q, STM32U535RCT6, STM32U535RCT6Q, STM32U535REI6, STM32U535REI6Q, STM32U535RET6, STM32U535RET6Q, STM32U535VCI6, STM32U535VCI6Q, STM32U535VCT6, STM32U535VCT6Q, STM32U535VEI6, STM32U535VEI6Q, STM32U535VET6, STM32U535VET6Q, STM32U545CET6, STM32U545CET6Q, STM32U545CEU6, STM32U545CEU6Q, STM32U545JEY6QTR, STM32U545NEY6QTR, STM32U545REI6, STM32U545REI6Q, STM32U545RET6, STM32U545RET6Q, STM32U545VEI6, STM32U545VEI6Q, STM32U545VET6, STM32U545VET6Q, STM32U595AIH6, STM32U595AIH6Q, STM32U595AJH6, STM32U595AJH6Q, STM32U595QII6, STM32U595QII6Q, STM32U595QJI6, STM32U595QJI6Q, STM32U595RIT6, STM32U595RIT6Q, STM32U595RJT6, STM32U595RJT6Q, STM32U595VIT6, STM32U595VIT6Q, STM32U595VJT6, STM32U595VJT6Q, STM32U595ZIT6, STM32U595ZIT6Q, STM32U595ZIY6QTR, STM32U595ZJT6, STM32U595ZJT6Q, STM32U595ZJY6QTR, STM32U599BJY6QTR, STM32U599NIH6Q, STM32U599NJH6Q, STM32U599VIT6Q, STM32U599VJT6, STM32U599VJT6Q, STM32U599ZIT6Q, STM32U599ZIY6QTR, STM32U599ZJT6Q, STM32U599ZJY6QTR, STM32U5A5AJH6, STM32U5A5AJH6Q, STM32U5A5QII3Q , STM32U5A5QJI6, STM32U5A5QJI6Q, STM32U5A5RJT6, STM32U5A5RJT6Q, STM32U5A5VJT6, STM32U5A5VJT6Q, STM32U5A5ZJT6, STM32U5A5ZJT6Q, STM32U5A5ZJY6QTR, STM32U5A9BJY6QTR, STM32U5A9J-DK, STM32U5A9NJH6Q, STM32U5A9VJT6Q, STM32U5A9ZJT6Q, STM32U5A9ZJY6QTR, STM32U5F7VIT6, STM32U5F7VIT6Q, STM32U5F7VJT6, STM32U5F7VJT6Q, STM32U5F9BJY6QTR, STM32U5F9NJH6Q, STM32U5F9VIT6Q, STM32U5F9VJT6Q, STM32U5F9ZIJ6QTR, STM32U5F9ZIT6Q, STM32U5F9ZJJ6QTR, STM32U5F9ZJT6Q, STM32U5G7VJT6, STM32U5G7VJT6Q, STM32U5G9BJY6QTR, STM32U5G9J-DK1, STM32U5G9J-DK2, STM32U5G9NJH6Q, STM32U5G9VJT6Q, STM32U5G9ZJJ6QTR, STM32U5G9ZJT6Q, STM32WB1MMCH6, STM32WBA50KEU6, STM32WBA50KEU6TR, STM32WBA50KGU6, STM32WBA50KGU6TR, STM32WBA52CEU6, STM32WBA52CEU6TR, STM32WBA52CEU7, STM32WBA52CEU7TR, STM32WBA52CGU6, STM32WBA52CGU6TR, STM32WBA52CGU6U, STM32WBA52CGU7, STM32WBA52CGU7TR, STM32WBA52KEU6, STM32WBA52KEU6TR, STM32WBA52KGU6, STM32WBA52KGU6TR, STM32WBA54CEU6, STM32WBA54CEU6TR, STM32WBA54CEU7, STM32WBA54CEU7TR, STM32WBA54CGU6, STM32WBA54CGU6TR, STM32WBA54CGU7, STM32WBA54CGU7TR, STM32WBA54KEU6, STM32WBA54KEU6TR, STM32WBA54KEU7, STM32WBA54KEU7TR, STM32WBA54KGU6, STM32WBA54KGU6TR, STM32WBA54KGU7, STM32WBA54KGU7TR, STM32WBA55CEU6, STM32WBA55CEU6TR, STM32WBA55CEU7, STM32WBA55CEU7TR, STM32WBA55CGU6, STM32WBA55CGU6TR, STM32WBA55CGU6U, STM32WBA55CGU7, STM32WBA55CGU7TR, STM32WBA55G-DK1, STM32WBA55HEF6, STM32WBA55HEF7, STM32WBA55HGF6, STM32WBA55HGF7, STM32WBA55UEI6, STM32WBA55UEI6TR, STM32WBA55UEI7, STM32WBA55UEI7TR, STM32WBA55UGI6, STM32WBA55UGI6TR, STM32WBA55UGI7, STM32WBA55UGI7TR, STM32WL5MOCH6, STM32WL5MOCH6TR]
2024-05-21 10:43:09,465 [INFO] DbMcus:218 - Found 4096 MCUs, 4096 are supported
2024-05-21 10:43:09,466 [INFO] ApiDb:423 - Load user favorites file /home/tjp/.stm32cubeide/favorites.mcus.txt: 0 item(s)
2024-05-21 10:43:09,466 [INFO] ApiDb:427 - User favorites MCUs=[]
2024-05-21 10:43:09,466 [INFO] DbMcus:224 - Set 0 / 0 favorites MCUs
2024-05-21 10:43:09,832 [INFO] ApiDb:423 - Load user favorites file /home/tjp/.stm32cubeide/favorites.boards.txt: 0 item(s)
2024-05-21 10:43:09,832 [INFO] ApiDb:427 - User favorites Boards=[]
2024-05-21 10:43:09,832 [INFO] DbBoards:198 - Set 0 / 0 favorites Boards
2024-05-21 10:43:09,902 [INFO] UtilMem:75 - End LoadConfig() Used Memory: 588910008 Bytes (1073741824)
2024-05-21 10:43:10,010 [WARN] ThirdParty:833 - waiting for thirdparty lock release [change project]
2024-05-21 10:43:10,010 [INFO] ThirdParty:835 - entering critical section [change project]
2024-05-21 10:43:10,010 [INFO] ThirdParty:1030 - CMSIS Pack Vendor :STMicroelectronics USBPD 4.1
2024-05-21 10:43:10,010 [INFO] ThirdParty:1030 - CMSIS Pack Vendor :STMicroelectronics X-CUBE-GNSS1 6.0.0
2024-05-21 10:43:10,010 [INFO] ThirdParty:1030 - CMSIS Pack Vendor :STMicroelectronics USB_HOST 2.0.0
2024-05-21 10:43:10,010 [INFO] ThirdParty:1030 - CMSIS Pack Vendor :STMicroelectronics FP-SNS-MOTENVWB1 1.4.0
2024-05-21 10:43:10,011 [INFO] ThirdParty:1030 - CMSIS Pack Vendor :STMicroelectronics X-CUBE-AZRTOS-F4 1.1.0
2024-05-21 10:43:10,011 [INFO] ThirdParty:1030 - CMSIS Pack Vendor :STMicroelectronics LIBJPEG 8.0.0
2024-05-21 10:43:10,011 [INFO] ThirdParty:1030 - CMSIS Pack Vendor :STMicroelectronics X-CUBE-SMBUS 2.1.0
2024-05-21 10:43:10,011 [INFO] ThirdParty:1030 - CMSIS Pack Vendor :STMicroelectronics USB_DEVICE 3.0.0
2024-05-21 10:43:10,011 [INFO] ThirdParty:1030 - CMSIS Pack Vendor :STMicroelectronics X-CUBE-TCPP 4.1.0
2024-05-21 10:43:10,011 [INFO] ThirdParty:1030 - CMSIS Pack Vendor :STMicroelectronics X-CUBE-FREERTOS 1.2.0
2024-05-21 10:43:10,011 [INFO] ThirdParty:1030 - CMSIS Pack Vendor :STMicroelectronics X-CUBE-AZRTOS-WB 2.0.0
2024-05-21 10:43:10,011 [INFO] ThirdParty:1030 - CMSIS Pack Vendor :STMicroelectronics X-CUBE-TOUCHGFX 4.23.2
2024-05-21 10:43:10,011 [INFO] ThirdParty:1030 - CMSIS Pack Vendor :STMicroelectronics X-CUBE-AZRTOS-F7 1.1.0
2024-05-21 10:43:10,011 [INFO] ThirdParty:1030 - CMSIS Pack Vendor :STMicroelectronics X-CUBE-AZRTOS-L5 2.0.0
2024-05-21 10:43:10,011 [INFO] ThirdParty:1030 - CMSIS Pack Vendor :STMicroelectronics USB_DEVICE 2.0.0
2024-05-21 10:43:10,011 [INFO] ThirdParty:1030 - CMSIS Pack Vendor :STMicroelectronics X-CUBE-NFC6 3.1.0
2024-05-21 10:43:10,011 [INFO] ThirdParty:1030 - CMSIS Pack Vendor :STMicroelectronics X-CUBE-ALGOBUILD 1.3.0
2024-05-21 10:43:10,011 [INFO] ThirdParty:1030 - CMSIS Pack Vendor :STMicroelectronics FreeRTOS 0.0.1
2024-05-21 10:43:10,011 [INFO] ThirdParty:1030 - CMSIS Pack Vendor :STMicroelectronics X-CUBE-AZRTOS-G0 1.1.0
2024-05-21 10:43:10,011 [INFO] ThirdParty:1030 - CMSIS Pack Vendor :STMicroelectronics X-CUBE-SAFEA1 1.2.2
2024-05-21 10:43:10,011 [INFO] ThirdParty:1030 - CMSIS Pack Vendor :STMicroelectronics X-CUBE-NFC4 3.0.0
2024-05-21 10:43:10,011 [INFO] ThirdParty:1030 - CMSIS Pack Vendor :STMicroelectronics X-CUBE-SUBG2 5.0.0
2024-05-21 10:43:10,011 [INFO] ThirdParty:1030 - CMSIS Pack Vendor :STMicroelectronics STM32_WPAN 1.0.0
2024-05-21 10:43:10,011 [INFO] ThirdParty:1030 - CMSIS Pack Vendor :STMicroelectronics lwIP 2.0.3
2024-05-21 10:43:10,011 [INFO] ThirdParty:1030 - CMSIS Pack Vendor :STMicroelectronics FP-SNS-FLIGHT1 5.0.2
2024-05-21 10:43:10,011 [INFO] ThirdParty:1030 - CMSIS Pack Vendor :STMicroelectronics USB_HOST 1.0.0
2024-05-21 10:43:10,011 [INFO] ThirdParty:1030 - CMSIS Pack Vendor :STMicroelectronics X-CUBE-AI 9.0.0
2024-05-21 10:43:10,011 [INFO] ThirdParty:1030 - CMSIS Pack Vendor :STMicroelectronics X-CUBE-AZRTOS-G4 2.0.0
2024-05-21 10:43:10,011 [INFO] ThirdParty:1030 - CMSIS Pack Vendor :STMicroelectronics PDM2PCM 3.1.0
2024-05-21 10:43:10,011 [INFO] ThirdParty:1030 - CMSIS Pack Vendor :STMicroelectronics PDM2PCM 3.3.0
2024-05-21 10:43:10,011 [INFO] ThirdParty:1030 - CMSIS Pack Vendor :STMicroelectronics X-CUBE-DISPLAY 3.0.0
2024-05-21 10:43:10,011 [INFO] ThirdParty:1030 - CMSIS Pack Vendor :wolfSSL I-CUBE-wolfSSL 5.7.0
2024-05-21 10:43:10,011 [INFO] ThirdParty:1030 - CMSIS Pack Vendor :STMicroelectronics X-CUBE-BLE1 7.0.0
2024-05-21 10:43:10,011 [INFO] ThirdParty:1030 - CMSIS Pack Vendor :STMicroelectronics FP-ATR-SIGFOX1 3.2.0
2024-05-21 10:43:10,012 [INFO] ThirdParty:1030 - CMSIS Pack Vendor :STMicroelectronics X-CUBE-ISPU 2.0.0
2024-05-21 10:43:10,012 [INFO] ThirdParty:1030 - CMSIS Pack Vendor :STMicroelectronics X-CUBE-EEPRMA1 5.1.0
2024-05-21 10:43:10,012 [INFO] ThirdParty:1030 - CMSIS Pack Vendor :STMicroelectronics HAL Drivers 0.0.0
2024-05-21 10:43:10,012 [INFO] ThirdParty:1030 - CMSIS Pack Vendor :STMicroelectronics MBEDTLS 2.16.2
2024-05-21 10:43:10,012 [INFO] ThirdParty:1030 - CMSIS Pack Vendor :STMicroelectronics X-CUBE-ALS 1.0.2
2024-05-21 10:43:10,012 [INFO] ThirdParty:1030 - CMSIS Pack Vendor :emotas I-CUBE-CANOPEN 1.3.0
2024-05-21 10:43:10,012 [INFO] ThirdParty:1030 - CMSIS Pack Vendor :STMicroelectronics X-CUBE-MEMS1 10.0.0
2024-05-21 10:43:10,012 [INFO] ThirdParty:1030 - CMSIS Pack Vendor :STMicroelectronics X-CUBE-NFC7 1.0.1
2024-05-21 10:43:10,012 [INFO] ThirdParty:1030 - CMSIS Pack Vendor :STMicroelectronics MBEDTLS 2.14.1
2024-05-21 10:43:10,012 [INFO] ThirdParty:1030 - CMSIS Pack Vendor :ITTIA_DB I-CUBE-ITTIADB 8.9.0
2024-05-21 10:43:10,012 [INFO] ThirdParty:1030 - CMSIS Pack Vendor :portGmbH I-Cube-SoM-uGOAL 1.1.0
2024-05-21 10:43:10,012 [INFO] ThirdParty:1030 - CMSIS Pack Vendor :STMicroelectronics X-CUBE-ALS 1.0.1
2024-05-21 10:43:10,012 [INFO] ThirdParty:1030 - CMSIS Pack Vendor :STMicroelectronics X-CUBE-BLEMGR 3.1.0
2024-05-21 10:43:10,012 [INFO] ThirdParty:1030 - CMSIS Pack Vendor :STMicroelectronics ThreadX 1.0.0
2024-05-21 10:43:10,012 [INFO] ThirdParty:1030 - CMSIS Pack Vendor :STMicroelectronics FP-SNS-SMARTAG2 1.2.0
2024-05-21 10:43:10,012 [INFO] ThirdParty:1030 - CMSIS Pack Vendor :STMicroelectronics X-CUBE-AZRTOS-WL 2.0.0
2024-05-21 10:43:10,012 [INFO] ThirdParty:1030 - CMSIS Pack Vendor :SEGGER I-CUBE-embOS 1.3.1
2024-05-21 10:43:10,012 [INFO] ThirdParty:1030 - CMSIS Pack Vendor :STMicroelectronics X-CUBE-ALGOBUILD 1.4.0
2024-05-21 10:43:10,012 [INFO] ThirdParty:1030 - CMSIS Pack Vendor :STMicroelectronics FP-SNS-MOTENV1 5.0.0
2024-05-21 10:43:10,012 [INFO] ThirdParty:1030 - CMSIS Pack Vendor :STMicroelectronics USB_DEVICE 1.0.0
2024-05-21 10:43:10,012 [INFO] ThirdParty:1030 - CMSIS Pack Vendor :STMicroelectronics X-CUBE-AZRTOS-H7RS 1.0.0
2024-05-21 10:43:10,012 [INFO] ThirdParty:1030 - CMSIS Pack Vendor :STMicroelectronics X-CUBE-AZRTOS-L4 2.0.0
2024-05-21 10:43:10,012 [INFO] ThirdParty:1030 - CMSIS Pack Vendor :STMicroelectronics ThreadX 0.0.2
2024-05-21 10:43:10,012 [INFO] ThirdParty:1030 - CMSIS Pack Vendor :WES I-CUBE-Cesium 1.3.0
2024-05-21 10:43:10,012 [INFO] ThirdParty:1030 - CMSIS Pack Vendor :STMicroelectronics FP-ATR-ASTRA1 2.0.0
2024-05-21 10:43:10,012 [INFO] ThirdParty:1030 - CMSIS Pack Vendor :STMicroelectronics lwIP 2.1.2
2024-05-21 10:43:10,012 [INFO] ThirdParty:1030 - CMSIS Pack Vendor :STMicroelectronics X-CUBE-SFXS2LP1 4.0.0
2024-05-21 10:43:10,012 [INFO] ThirdParty:1030 - CMSIS Pack Vendor :STMicroelectronics X-CUBE-BLE2 3.3.0
2024-05-21 10:43:10,012 [INFO] ThirdParty:1030 - CMSIS Pack Vendor :STMicroelectronics X-CUBE-TOF1 3.4.1
2024-05-21 10:43:10,013 [INFO] ThirdParty:1030 - CMSIS Pack Vendor :STMicroelectronics X-CUBE-AZRTOS-H7 3.2.0
2024-05-21 10:43:10,013 [INFO] ThirdParty:1030 - CMSIS Pack Vendor :Infineon AIROC-Wi-Fi-Bluetooth-STM32 1.6.0
2024-05-21 10:43:10,013 [INFO] ThirdParty:1030 - CMSIS Pack Vendor :STMicroelectronics PDM2PCM 3.2.0
2024-05-21 10:43:10,013 [INFO] ThirdParty:841 - exiting critical section [change project]
2024-05-21 10:43:10,256 [INFO] PinOutPanel:1561 - setPackage(No Configuration,No Configuration)
2024-05-21 10:43:10,258 [INFO] PinOutPanel:1561 - setPackage(STM32G070CBTx,LQFP48)
2024-05-21 10:43:10,625 [INFO] UtilMem:75 - Before build in PCC Used Memory: 708884632 Bytes (1073741824)
2024-05-21 10:43:11,216 [INFO] UtilMem:75 - After build in PCC Used Memory: 857045888 Bytes (1073741824)
2024-05-21 10:43:11,263 [INFO] IPUIPlugin:80 - create IPUIPlugin
2024-05-21 10:43:11,263 [INFO] IPUIPlugin:80 - create IPUIPlugin
2024-05-21 10:43:11,263 [INFO] IPUIPlugin:80 - create IPUIPlugin
2024-05-21 10:43:11,263 [INFO] IPUIPlugin:80 - create IPUIPlugin
2024-05-21 10:43:11,263 [INFO] IPUIPlugin:80 - create IPUIPlugin
2024-05-21 10:43:11,263 [INFO] IPUIPlugin:80 - create IPUIPlugin
2024-05-21 10:43:11,264 [INFO] IPUIPlugin:80 - create IPUIPlugin
2024-05-21 10:43:11,264 [INFO] IPUIPlugin:80 - create IPUIPlugin
2024-05-21 10:43:11,264 [INFO] IPUIPlugin:80 - create IPUIPlugin
2024-05-21 10:43:11,264 [INFO] IPUIPlugin:80 - create IPUIPlugin
2024-05-21 10:43:11,264 [INFO] IPUIPlugin:80 - create IPUIPlugin
2024-05-21 10:43:11,264 [INFO] IPUIPlugin:80 - create IPUIPlugin
2024-05-21 10:43:11,264 [INFO] IPUIPlugin:80 - create IPUIPlugin
2024-05-21 10:43:11,264 [INFO] IPUIPlugin:80 - create IPUIPlugin
2024-05-21 10:43:11,265 [INFO] IPUIPlugin:80 - create IPUIPlugin
2024-05-21 10:43:11,265 [INFO] IPUIPlugin:80 - create IPUIPlugin
2024-05-21 10:43:11,265 [INFO] IPUIPlugin:80 - create IPUIPlugin
2024-05-21 10:43:11,265 [INFO] IPUIPlugin:80 - create IPUIPlugin
2024-05-21 10:43:11,265 [INFO] IPUIPlugin:80 - create IPUIPlugin
2024-05-21 10:43:11,265 [INFO] IPUIPlugin:80 - create IPUIPlugin
2024-05-21 10:43:11,265 [INFO] IPUIPlugin:80 - create IPUIPlugin
2024-05-21 10:43:11,265 [INFO] IPUIPlugin:80 - create IPUIPlugin
2024-05-21 10:43:11,265 [INFO] IPUIPlugin:80 - create IPUIPlugin
2024-05-21 10:43:11,265 [INFO] IPUIPlugin:80 - create IPUIPlugin
2024-05-21 10:43:11,266 [INFO] IPUIPlugin:80 - create IPUIPlugin
2024-05-21 10:43:11,266 [INFO] IPUIPlugin:80 - create IPUIPlugin
2024-05-21 10:43:11,266 [INFO] IPUIPlugin:80 - create IPUIPlugin
2024-05-21 10:43:11,266 [INFO] IPUIPlugin:80 - create IPUIPlugin
2024-05-21 10:43:11,266 [INFO] IPUIPlugin:80 - create IPUIPlugin
2024-05-21 10:43:11,266 [INFO] IPUIPlugin:80 - create IPUIPlugin
2024-05-21 10:43:11,281 [WARN] IP:2120 - FIFOMode not found: check if there is a RefParameter without a condition.
2024-05-21 10:43:11,281 [WARN] IP:2120 - TXFIFOThreshold not found: check if there is a RefParameter without a condition.
2024-05-21 10:43:11,281 [WARN] IP:2120 - RXFIFOThreshold not found: check if there is a RefParameter without a condition.
2024-05-21 10:43:11,281 [WARN] IP:2120 - AutoBaudRateEnableParam not found: check if there is a RefParameter without a condition.
2024-05-21 10:43:11,431 [INFO] CADModel:165 - CPN selected for project levelSTM32G070CBT6
2024-05-21 10:43:11,432 [INFO] CADModel:114 - Register for checkConnection events
2024-05-21 10:43:11,470 [INFO] OpenFileManager:343 - Restore cursor
2024-05-21 10:43:11,497 [WARN] IP:2120 - FIFOMode not found: check if there is a RefParameter without a condition.
2024-05-21 10:43:11,497 [WARN] IP:2120 - TXFIFOThreshold not found: check if there is a RefParameter without a condition.
2024-05-21 10:43:11,497 [WARN] IP:2120 - RXFIFOThreshold not found: check if there is a RefParameter without a condition.
2024-05-21 10:43:11,497 [WARN] IP:2120 - AutoBaudRateEnableParam not found: check if there is a RefParameter without a condition.
2024-05-21 10:43:11,498 [WARN] IP:2120 - FIFOMode not found: check if there is a RefParameter without a condition.
2024-05-21 10:43:11,498 [WARN] IP:2120 - TXFIFOThreshold not found: check if there is a RefParameter without a condition.
2024-05-21 10:43:11,499 [WARN] IP:2120 - RXFIFOThreshold not found: check if there is a RefParameter without a condition.
2024-05-21 10:43:11,499 [WARN] IP:2120 - AutoBaudRateEnableParam not found: check if there is a RefParameter without a condition.
2024-05-21 10:46:22,105 [INFO] UtilMem:75 - End SaveConfig() Used Memory: 798223104 Bytes (1073741824)
2024-05-21 10:46:22,709 [INFO] UtilMem:75 - End SaveConfig() Used Memory: 832303872 Bytes (1073741824)
2024-05-21 10:46:23,092 [INFO] BlockDiagram:2759 - set Specific Code input for plugin: NVIC
2024-05-21 10:46:23,092 [INFO] BlockDiagram:2759 - set Specific Code input for plugin: USART
2024-05-21 10:46:23,092 [INFO] BlockDiagram:2759 - set Specific Code input for plugin: USART
2024-05-21 10:46:23,092 [INFO] BlockDiagram:2759 - set Specific Code input for plugin: TIM1_8G0
2024-05-21 10:46:23,092 [INFO] BlockDiagram:2759 - set Specific Code input for plugin: SYS
2024-05-21 10:46:23,092 [INFO] BlockDiagram:2759 - set Specific Code input for plugin: GPIO
2024-05-21 10:46:23,092 [INFO] BlockDiagram:2759 - set Specific Code input for plugin: ADC
2024-05-21 10:46:23,092 [INFO] BlockDiagram:2759 - set Specific Code input for plugin: RCC
2024-05-21 10:46:23,092 [INFO] BlockDiagram:2759 - set Specific Code input for plugin: CRC
2024-05-21 10:46:23,093 [INFO] CodeGenerator:807 - code generatio: config db path: /opt/st/stm32cubeide_1.15.1/plugins/com.st.stm32cube.common.mx_6.11.1.202404110753//db/
2024-05-21 10:46:23,173 [WARN] IP:2120 - FIFOMode not found: check if there is a RefParameter without a condition.
2024-05-21 10:46:23,173 [WARN] IP:2120 - TXFIFOThreshold not found: check if there is a RefParameter without a condition.
2024-05-21 10:46:23,173 [WARN] IP:2120 - RXFIFOThreshold not found: check if there is a RefParameter without a condition.
2024-05-21 10:46:23,173 [WARN] IP:2120 - AutoBaudRateEnableParam not found: check if there is a RefParameter without a condition.
2024-05-21 10:46:23,395 [INFO] CodeEngine:255 - oldGeneratedFile, /home/tjp/Documents/GITHUB/dryer_adc_8_stm32/SW/adc_probe8/MXTmpFiles/license.tmp_save
2024-05-21 10:46:23,864 [INFO] CodeEngine:279 - Generated code: /home/tjp/Documents/GITHUB/dryer_adc_8_stm32/SW/adc_probe8/MXTmpFiles/license.tmp
2024-05-21 10:46:24,131 [INFO] CodeEngine:255 - oldGeneratedFile, /home/tjp/Documents/GITHUB/dryer_adc_8_stm32/SW/adc_probe8/MXTmpFiles/gpio.tmp_save
2024-05-21 10:46:24,255 [INFO] CodeEngine:279 - Generated code: /home/tjp/Documents/GITHUB/dryer_adc_8_stm32/SW/adc_probe8/MXTmpFiles/gpio.tmp
2024-05-21 10:46:25,225 [INFO] CodeEngine:255 - oldGeneratedFile, /home/tjp/Documents/GITHUB/dryer_adc_8_stm32/SW/adc_probe8/Core/Src/stm32g0xx_it.c_save
2024-05-21 10:46:25,341 [INFO] CodeEngine:279 - Generated code: /home/tjp/Documents/GITHUB/dryer_adc_8_stm32/SW/adc_probe8/Core/Src/stm32g0xx_it.c
2024-05-21 10:46:25,365 [INFO] CodeEngine:255 - oldGeneratedFile, /home/tjp/Documents/GITHUB/dryer_adc_8_stm32/SW/adc_probe8/Core/Inc/stm32g0xx_it.h_save
2024-05-21 10:46:25,422 [INFO] CodeEngine:279 - Generated code: /home/tjp/Documents/GITHUB/dryer_adc_8_stm32/SW/adc_probe8/Core/Inc/stm32g0xx_it.h
2024-05-21 10:46:25,444 [INFO] CodeEngine:255 - oldGeneratedFile, /home/tjp/Documents/GITHUB/dryer_adc_8_stm32/SW/adc_probe8/Core/Src/stm32g0xx_hal_msp.c_save
2024-05-21 10:46:25,585 [INFO] CodeEngine:279 - Generated code: /home/tjp/Documents/GITHUB/dryer_adc_8_stm32/SW/adc_probe8/Core/Src/stm32g0xx_hal_msp.c
2024-05-21 10:46:25,606 [INFO] CodeEngine:255 - oldGeneratedFile, /home/tjp/Documents/GITHUB/dryer_adc_8_stm32/SW/adc_probe8/MXTmpFiles/system.tmp_save
2024-05-21 10:46:25,663 [INFO] CodeEngine:279 - Generated code: /home/tjp/Documents/GITHUB/dryer_adc_8_stm32/SW/adc_probe8/MXTmpFiles/system.tmp
2024-05-21 10:46:25,666 [INFO] CodeEngine:311 - oldGeneratedFile, /home/tjp/Documents/GITHUB/dryer_adc_8_stm32/SW/adc_probe8/Core/Inc/stm32g0xx_hal_conf.h_save
2024-05-21 10:46:25,728 [INFO] CodeEngine:335 - Generated code: /home/tjp/Documents/GITHUB/dryer_adc_8_stm32/SW/adc_probe8/Core/Inc/stm32g0xx_hal_conf.h
2024-05-21 10:46:25,748 [WARN] IPConfigManager:3513 - IP not found : TIM
2024-05-21 10:46:25,748 [WARN] CodeGenerator:3951 - IP not found : null
2024-05-21 10:46:25,767 [INFO] CodeEngine:255 - oldGeneratedFile, /home/tjp/Documents/GITHUB/dryer_adc_8_stm32/SW/adc_probe8/Core/Inc/main.h_save
2024-05-21 10:46:25,840 [INFO] CodeEngine:279 - Generated code: /home/tjp/Documents/GITHUB/dryer_adc_8_stm32/SW/adc_probe8/Core/Inc/main.h
2024-05-21 10:46:25,847 [INFO] CodeEngine:255 - oldGeneratedFile, /home/tjp/Documents/GITHUB/dryer_adc_8_stm32/SW/adc_probe8/Core/Src/main.c_save
2024-05-21 10:46:26,002 [INFO] CodeEngine:279 - Generated code: /home/tjp/Documents/GITHUB/dryer_adc_8_stm32/SW/adc_probe8/Core/Src/main.c
2024-05-21 10:46:26,298 [INFO] ProjectBuilder:3163 - Time for Copy HAL[1] : 89mS.
2024-05-21 10:46:26,302 [INFO] ProjectBuilder:4736 - Project Generator version: 4.3.0-B58
2024-05-21 10:46:26,384 [INFO] ConfigFileManager:1503 - The Die is : DIE460
2024-05-21 10:46:26,411 [INFO] ApiDbMcu:508 - Load IP Config File for FATFS
2024-05-21 10:46:26,468 [INFO] ApiDbMcu:508 - Load IP Config File for FREERTOS
2024-05-21 10:46:26,944 [INFO] LogOutputStream:77 - [STDOUT_REDIRECT] 
2024-05-21 10:46:28,214 [INFO] ProjectBuilder:5002 - Time for Generating toolchain IDE Files: 1912mS.
2024-05-21 10:46:28,214 [INFO] ProjectBuilder:3034 - Time for Copy CMSIS : 0mS.
2024-05-21 10:46:28,215 [INFO] ProjectBuilder:3034 - Time for Copy CMSIS : 0mS.
2024-05-21 10:53:04,365 [ERROR] LogOutputStream:75 - [STDERR_REDIRECT] 
