16:37:10 **** Incremental Build of configuration Debug for project adc_probe8 ****
make -j4 all 
arm-none-eabi-size  adc_probe8.elf 
   text	   data	    bss	    dec	    hex	filename
  28464	    124	   2364	  30952	   78e8	adc_probe8.elf
Finished building: default.size.stdout
 
22:07:46 **** Incremental Build of configuration Debug for project adc_probe8 ****
make -j4 all 
arm-none-eabi-size  adc_probe8.elf 
   text	   data	    bss	    dec	    hex	filename
  28464	    124	   2364	  30952	   78e8	adc_probe8.elf
Finished building: default.size.stdout
 
22:08:08 **** Incremental Build of configuration Debug for project adc_probe8 ****
make -j4 all 
arm-none-eabi-size  adc_probe8.elf 
   text	   data	    bss	    dec	    hex	filename
  28464	    124	   2364	  30952	   78e8	adc_probe8.elf
Finished building: default.size.stdout
 
22:09:33 **** Incremental Build of configuration Debug for project adc_probe8 ****
make -j4 all 
arm-none-eabi-size  adc_probe8.elf 
   text	   data	    bss	    dec	    hex	filename
  28464	    124	   2364	  30952	   78e8	adc_probe8.elf
Finished building: default.size.stdout
 
22:10:42 **** Incremental Build of configuration Debug for project adc_probe8 ****
make -j4 all 
arm-none-eabi-size  adc_probe8.elf 
   text	   data	    bss	    dec	    hex	filename
  28464	    124	   2364	  30952	   78e8	adc_probe8.elf
Finished building: default.size.stdout
 
22:11:05 **** Incremental Build of configuration Debug for project adc_probe8 ****
make -j4 all 
arm-none-eabi-size  adc_probe8.elf 
   text	   data	    bss	    dec	    hex	filename
  28464	    124	   2364	  30952	   78e8	adc_probe8.elf
Finished building: default.size.stdout
 
22:11:29 **** Incremental Build of configuration Debug for project adc_probe8 ****
make -j4 all 
arm-none-eabi-size  adc_probe8.elf 
   text	   data	    bss	    dec	    hex	filename
  28464	    124	   2364	  30952	   78e8	adc_probe8.elf
Finished building: default.size.stdout
 
